# vsim -vopt work.tb -voptargs="+acc=npr" -assertdebug -l simulation.log -coverage -c -do "coverage save -onexit -assert -directive -cvg -codeAll coverage.ucdb; run -all; exit" 
# Start time: 15:03:49 on Jul 06,2026
# ** Note: (vsim-3813) Design is being optimized due to module recompilation...
# //  Questa Sim
# //  Version 10.6c linux Jul 25 2017
# //
# //  Copyright 1991-2017 Mentor Graphics Corporation
# //  All Rights Reserved.
# //
# //  QuestaSim and its associated documentation contain trade
# //  secrets and commercial or financial information that are the property of
# //  Mentor Graphics Corporation and are privileged, confidential,
# //  and exempt from disclosure under the Freedom of Information Act,
# //  5 U.S.C. Section 552. Furthermore, this information
# //  is prohibited from disclosure under the Trade Secrets Act,
# //  18 U.S.C. Section 1905.
# //
# Loading sv_std.std
# Loading work.ram_if(fast)
# Loading work.ram_pkg(fast)
# Loading work.tb(fast)
# Loading work.interface_sv_unit(fast)
# Loading work.ram_if(fast)
# Loading work.RAM(fast)
# coverage save -onexit -assert -directive -cvg -codeAll coverage.ucdb
#  run -all
# 
#  
#  
# Running Read Followed by write 
#  
# 
# Only Read Test Cases
# Reset Asserted
# Reset Deasserted at time 60
# 
#  
# Driving inputs at time 140 Test ID 0: data_in = 0 | address = 28 | write_en = 0 | read_en = 1
# ram_pkg.scoreboard.run Got data_in = 0 | address = 28 | write_en = 0 | read_en = 1
# Reading from the reference
# ram_pkg.monitor.run Test ID: 0 Monitor Putting dut out: z into mailbox at time 220
# Reset Asserted
# Reset Asserted
# 
#  
# Driving inputs during reset at time 260 Test ID: 1: data_in = 0 | address = 23 | write_en = 0 | read_en = 1
# ram_pkg.scoreboard.run Got data_in = 0 | address = 23 | write_en = 0 | read_en = 1
# ram_pkg.monitor.run Test ID: 1 Monitor Putting dut out: z into mailbox at time 300
# Reset Asserted
# Reset Asserted
# Reset Deasserted at time 340
# 
#  
# Driving inputs during reset at time 340 Test ID: 2: data_in = 0 | address = 14 | write_en = 0 | read_en = 1
# ram_pkg.scoreboard.run Got data_in = 0 | address = 14 | write_en = 0 | read_en = 1
# 
#  
# Driving inputs at time 380 Test ID 3: data_in = 0 | address = 1 | write_en = 0 | read_en = 1
# ram_pkg.monitor.run Test ID: 2 Monitor Putting dut out: z into mailbox at time 380
# Reading from the reference
# At time 380 Test FAILED : ref = 0 | dut = z
# ram_pkg.scoreboard.run Got data_in = 0 | address = 1 | write_en = 0 | read_en = 1
# Reading from the reference
# 
#  
# Driving inputs at time 460 Test ID 4: data_in = 0 | address = 17 | write_en = 0 | read_en = 1
# ram_pkg.monitor.run Test ID: 3 Monitor Putting dut out: 0 into mailbox at time 460
# Test PASSED : ref = 0 | dut = 0
# ram_pkg.scoreboard.run Got data_in = 0 | address = 17 | write_en = 0 | read_en = 1
# Reading from the reference
# 
#  
# Driving inputs at time 540 Test ID 5: data_in = 0 | address = 21 | write_en = 0 | read_en = 1
# ram_pkg.monitor.run Test ID: 4 Monitor Putting dut out: 0 into mailbox at time 540
# Test PASSED : ref = 0 | dut = 0
# ram_pkg.scoreboard.run Got data_in = 0 | address = 21 | write_en = 0 | read_en = 1
# Reading from the reference
# 
#  
# Driving inputs at time 620 Test ID 6: data_in = 0 | address = 31 | write_en = 0 | read_en = 1
# ram_pkg.monitor.run Test ID: 5 Monitor Putting dut out: 0 into mailbox at time 620
# Test PASSED : ref = 0 | dut = 0
# ram_pkg.scoreboard.run Got data_in = 0 | address = 31 | write_en = 0 | read_en = 1
# Reading from the reference
# 
#  
# Driving inputs at time 700 Test ID 7: data_in = 0 | address = 3 | write_en = 0 | read_en = 1
# ram_pkg.monitor.run Test ID: 6 Monitor Putting dut out: 0 into mailbox at time 700
# Test PASSED : ref = 0 | dut = 0
# ram_pkg.scoreboard.run Got data_in = 0 | address = 3 | write_en = 0 | read_en = 1
# Reading from the reference
# 
#  
# Driving inputs at time 780 Test ID 8: data_in = 0 | address = 5 | write_en = 0 | read_en = 1
# ram_pkg.monitor.run Test ID: 7 Monitor Putting dut out: 0 into mailbox at time 780
# Test PASSED : ref = 0 | dut = 0
# ram_pkg.scoreboard.run Got data_in = 0 | address = 5 | write_en = 0 | read_en = 1
# Reading from the reference
# 
#  
# Driving inputs at time 860 Test ID 9: data_in = 0 | address = 20 | write_en = 0 | read_en = 1
# ram_pkg.monitor.run Test ID: 8 Monitor Putting dut out: 0 into mailbox at time 860
# Test PASSED : ref = 0 | dut = 0
# ram_pkg.scoreboard.run Got data_in = 0 | address = 20 | write_en = 0 | read_en = 1
# Reading from the reference
# 
#  
# Driving inputs at time 940 Test ID 10: data_in = 0 | address = 25 | write_en = 0 | read_en = 1
# ram_pkg.monitor.run Test ID: 9 Monitor Putting dut out: 0 into mailbox at time 940
# Test PASSED : ref = 0 | dut = 0
# ram_pkg.scoreboard.run Got data_in = 0 | address = 25 | write_en = 0 | read_en = 1
# Reading from the reference
# 
#  
# Driving inputs at time 1020 Test ID 11: data_in = 0 | address = 19 | write_en = 0 | read_en = 1
# ram_pkg.monitor.run Test ID: 10 Monitor Putting dut out: 0 into mailbox at time 1020
# Test PASSED : ref = 0 | dut = 0
# ram_pkg.scoreboard.run Got data_in = 0 | address = 19 | write_en = 0 | read_en = 1
# Reading from the reference
# 
#  
# Driving inputs at time 1100 Test ID 12: data_in = 0 | address = 6 | write_en = 0 | read_en = 1
# ram_pkg.monitor.run Test ID: 11 Monitor Putting dut out: 0 into mailbox at time 1100
# Test PASSED : ref = 0 | dut = 0
# ram_pkg.scoreboard.run Got data_in = 0 | address = 6 | write_en = 0 | read_en = 1
# Reading from the reference
# 
#  
# Driving inputs at time 1180 Test ID 13: data_in = 0 | address = 4 | write_en = 0 | read_en = 1
# ram_pkg.monitor.run Test ID: 12 Monitor Putting dut out: 0 into mailbox at time 1180
# Test PASSED : ref = 0 | dut = 0
# ram_pkg.scoreboard.run Got data_in = 0 | address = 4 | write_en = 0 | read_en = 1
# Reading from the reference
# 
#  
# Driving inputs at time 1260 Test ID 14: data_in = 0 | address = 20 | write_en = 0 | read_en = 1
# ram_pkg.monitor.run Test ID: 13 Monitor Putting dut out: 0 into mailbox at time 1260
# Test PASSED : ref = 0 | dut = 0
# ram_pkg.scoreboard.run Got data_in = 0 | address = 20 | write_en = 0 | read_en = 1
# Reading from the reference
# 
#  
# Driving inputs at time 1340 Test ID 15: data_in = 0 | address = 12 | write_en = 0 | read_en = 1
# ram_pkg.monitor.run Test ID: 14 Monitor Putting dut out: 0 into mailbox at time 1340
# Test PASSED : ref = 0 | dut = 0
# ram_pkg.scoreboard.run Got data_in = 0 | address = 12 | write_en = 0 | read_en = 1
# Reading from the reference
# 
#  
# Driving inputs at time 1420 Test ID 16: data_in = 0 | address = 21 | write_en = 0 | read_en = 1
# ram_pkg.monitor.run Test ID: 15 Monitor Putting dut out: 0 into mailbox at time 1420
# Test PASSED : ref = 0 | dut = 0
# ram_pkg.scoreboard.run Got data_in = 0 | address = 21 | write_en = 0 | read_en = 1
# Reading from the reference
# 
#  
# Driving inputs at time 1500 Test ID 17: data_in = 0 | address = 31 | write_en = 0 | read_en = 1
# ram_pkg.monitor.run Test ID: 16 Monitor Putting dut out: 0 into mailbox at time 1500
# Test PASSED : ref = 0 | dut = 0
# ram_pkg.scoreboard.run Got data_in = 0 | address = 31 | write_en = 0 | read_en = 1
# Reading from the reference
# 
#  
# Driving inputs at time 1580 Test ID 18: data_in = 0 | address = 2 | write_en = 0 | read_en = 1
# ram_pkg.monitor.run Test ID: 17 Monitor Putting dut out: 0 into mailbox at time 1580
# Test PASSED : ref = 0 | dut = 0
# ram_pkg.scoreboard.run Got data_in = 0 | address = 2 | write_en = 0 | read_en = 1
# Reading from the reference
# 
#  
# Driving inputs at time 1660 Test ID 19: data_in = 0 | address = 3 | write_en = 0 | read_en = 1
# ram_pkg.monitor.run Test ID: 18 Monitor Putting dut out: 0 into mailbox at time 1660
# Test PASSED : ref = 0 | dut = 0
# ram_pkg.scoreboard.run Got data_in = 0 | address = 3 | write_en = 0 | read_en = 1
# Reading from the reference
# 
#  
# Driving inputs at time 1740 Test ID 20: data_in = 0 | address = 2 | write_en = 0 | read_en = 1
# ram_pkg.monitor.run Test ID: 19 Monitor Putting dut out: 0 into mailbox at time 1740
# Test PASSED : ref = 0 | dut = 0
# ram_pkg.scoreboard.run Got data_in = 0 | address = 2 | write_en = 0 | read_en = 1
# Reading from the reference
# 
#  
# Driving inputs at time 1820 Test ID 21: data_in = 0 | address = 21 | write_en = 0 | read_en = 1
# ram_pkg.monitor.run Test ID: 20 Monitor Putting dut out: 0 into mailbox at time 1820
# Test PASSED : ref = 0 | dut = 0
# ram_pkg.scoreboard.run Got data_in = 0 | address = 21 | write_en = 0 | read_en = 1
# Reading from the reference
# 
#  
# Driving inputs at time 1900 Test ID 22: data_in = 0 | address = 27 | write_en = 0 | read_en = 1
# ram_pkg.monitor.run Test ID: 21 Monitor Putting dut out: 0 into mailbox at time 1900
# Test PASSED : ref = 0 | dut = 0
# ram_pkg.scoreboard.run Got data_in = 0 | address = 27 | write_en = 0 | read_en = 1
# Reading from the reference
# 
#  
# Driving inputs at time 1980 Test ID 23: data_in = 0 | address = 2 | write_en = 0 | read_en = 1
# ram_pkg.monitor.run Test ID: 22 Monitor Putting dut out: 0 into mailbox at time 1980
# Test PASSED : ref = 0 | dut = 0
# ram_pkg.scoreboard.run Got data_in = 0 | address = 2 | write_en = 0 | read_en = 1
# Reading from the reference
# 
#  
# Driving inputs at time 2060 Test ID 24: data_in = 0 | address = 29 | write_en = 0 | read_en = 1
# ram_pkg.monitor.run Test ID: 23 Monitor Putting dut out: 0 into mailbox at time 2060
# Test PASSED : ref = 0 | dut = 0
# ram_pkg.scoreboard.run Got data_in = 0 | address = 29 | write_en = 0 | read_en = 1
# Reading from the reference
# 
#  
# Driving inputs at time 2140 Test ID 25: data_in = 0 | address = 29 | write_en = 0 | read_en = 1
# ram_pkg.monitor.run Test ID: 24 Monitor Putting dut out: 0 into mailbox at time 2140
# Test PASSED : ref = 0 | dut = 0
# ram_pkg.scoreboard.run Got data_in = 0 | address = 29 | write_en = 0 | read_en = 1
# Reading from the reference
# 
#  
# Driving inputs at time 2220 Test ID 26: data_in = 0 | address = 27 | write_en = 0 | read_en = 1
# ram_pkg.monitor.run Test ID: 25 Monitor Putting dut out: 0 into mailbox at time 2220
# Test PASSED : ref = 0 | dut = 0
# ram_pkg.scoreboard.run Got data_in = 0 | address = 27 | write_en = 0 | read_en = 1
# Reading from the reference
# 
#  
# Driving inputs at time 2300 Test ID 27: data_in = 0 | address = 27 | write_en = 0 | read_en = 1
# ram_pkg.monitor.run Test ID: 26 Monitor Putting dut out: 0 into mailbox at time 2300
# Test PASSED : ref = 0 | dut = 0
# ram_pkg.scoreboard.run Got data_in = 0 | address = 27 | write_en = 0 | read_en = 1
# Reading from the reference
# 
#  
# Driving inputs at time 2380 Test ID 28: data_in = 0 | address = 31 | write_en = 0 | read_en = 1
# ram_pkg.monitor.run Test ID: 27 Monitor Putting dut out: 0 into mailbox at time 2380
# Test PASSED : ref = 0 | dut = 0
# ram_pkg.scoreboard.run Got data_in = 0 | address = 31 | write_en = 0 | read_en = 1
# Reading from the reference
# 
#  
# Driving inputs at time 2460 Test ID 29: data_in = 0 | address = 15 | write_en = 0 | read_en = 1
# ram_pkg.monitor.run Test ID: 28 Monitor Putting dut out: 0 into mailbox at time 2460
# Test PASSED : ref = 0 | dut = 0
# ram_pkg.scoreboard.run Got data_in = 0 | address = 15 | write_en = 0 | read_en = 1
# Reading from the reference
# 
#  
# Driving inputs at time 2540 Test ID 30: data_in = 0 | address = 23 | write_en = 0 | read_en = 1
# ram_pkg.monitor.run Test ID: 29 Monitor Putting dut out: 0 into mailbox at time 2540
# Test PASSED : ref = 0 | dut = 0
# ram_pkg.scoreboard.run Got data_in = 0 | address = 23 | write_en = 0 | read_en = 1
# Reading from the reference
# 
#  
# Driving inputs at time 2620 Test ID 31: data_in = 0 | address = 22 | write_en = 0 | read_en = 1
# ram_pkg.monitor.run Test ID: 30 Monitor Putting dut out: 0 into mailbox at time 2620
# Test PASSED : ref = 0 | dut = 0
# ram_pkg.scoreboard.run Got data_in = 0 | address = 22 | write_en = 0 | read_en = 1
# Reading from the reference
# 
#  
# Driving inputs at time 2700 Test ID 32: data_in = 0 | address = 12 | write_en = 0 | read_en = 1
# ram_pkg.monitor.run Test ID: 31 Monitor Putting dut out: 0 into mailbox at time 2700
# Test PASSED : ref = 0 | dut = 0
# ram_pkg.scoreboard.run Got data_in = 0 | address = 12 | write_en = 0 | read_en = 1
# Reading from the reference
# 
#  
# Driving inputs at time 2780 Test ID 33: data_in = 0 | address = 7 | write_en = 0 | read_en = 1
# ram_pkg.monitor.run Test ID: 32 Monitor Putting dut out: 0 into mailbox at time 2780
# Test PASSED : ref = 0 | dut = 0
# ram_pkg.scoreboard.run Got data_in = 0 | address = 7 | write_en = 0 | read_en = 1
# Reading from the reference
# 
#  
# Driving inputs at time 2860 Test ID 34: data_in = 0 | address = 25 | write_en = 0 | read_en = 1
# ram_pkg.monitor.run Test ID: 33 Monitor Putting dut out: 0 into mailbox at time 2860
# Test PASSED : ref = 0 | dut = 0
# ram_pkg.scoreboard.run Got data_in = 0 | address = 25 | write_en = 0 | read_en = 1
# Reading from the reference
# 
#  
# Driving inputs at time 2940 Test ID 35: data_in = 0 | address = 19 | write_en = 0 | read_en = 1
# ram_pkg.monitor.run Test ID: 34 Monitor Putting dut out: 0 into mailbox at time 2940
# Test PASSED : ref = 0 | dut = 0
# ram_pkg.scoreboard.run Got data_in = 0 | address = 19 | write_en = 0 | read_en = 1
# Reading from the reference
# 
#  
# Driving inputs at time 3020 Test ID 36: data_in = 0 | address = 24 | write_en = 0 | read_en = 1
# ram_pkg.monitor.run Test ID: 35 Monitor Putting dut out: 0 into mailbox at time 3020
# Test PASSED : ref = 0 | dut = 0
# ram_pkg.scoreboard.run Got data_in = 0 | address = 24 | write_en = 0 | read_en = 1
# Reading from the reference
# 
#  
# Driving inputs at time 3100 Test ID 37: data_in = 0 | address = 18 | write_en = 0 | read_en = 1
# ram_pkg.monitor.run Test ID: 36 Monitor Putting dut out: 0 into mailbox at time 3100
# Test PASSED : ref = 0 | dut = 0
# ram_pkg.scoreboard.run Got data_in = 0 | address = 18 | write_en = 0 | read_en = 1
# Reading from the reference
# 
#  
# Driving inputs at time 3180 Test ID 38: data_in = 0 | address = 16 | write_en = 0 | read_en = 1
# ram_pkg.monitor.run Test ID: 37 Monitor Putting dut out: 0 into mailbox at time 3180
# Test PASSED : ref = 0 | dut = 0
# ram_pkg.scoreboard.run Got data_in = 0 | address = 16 | write_en = 0 | read_en = 1
# Reading from the reference
# 
#  
# Driving inputs at time 3260 Test ID 39: data_in = 0 | address = 27 | write_en = 0 | read_en = 1
# ram_pkg.monitor.run Test ID: 38 Monitor Putting dut out: 0 into mailbox at time 3260
# Test PASSED : ref = 0 | dut = 0
# ram_pkg.scoreboard.run Got data_in = 0 | address = 27 | write_en = 0 | read_en = 1
# Reading from the reference
# 
#  
# Driving inputs at time 3340 Test ID 40: data_in = 0 | address = 15 | write_en = 0 | read_en = 1
# ram_pkg.monitor.run Test ID: 39 Monitor Putting dut out: 0 into mailbox at time 3340
# Test PASSED : ref = 0 | dut = 0
# ram_pkg.scoreboard.run Got data_in = 0 | address = 15 | write_en = 0 | read_en = 1
# Reading from the reference
# 
#  
# Driving inputs at time 3420 Test ID 41: data_in = 0 | address = 29 | write_en = 0 | read_en = 1
# ram_pkg.monitor.run Test ID: 40 Monitor Putting dut out: 0 into mailbox at time 3420
# Test PASSED : ref = 0 | dut = 0
# ram_pkg.scoreboard.run Got data_in = 0 | address = 29 | write_en = 0 | read_en = 1
# Reading from the reference
# 
#  
# Driving inputs at time 3500 Test ID 42: data_in = 0 | address = 10 | write_en = 0 | read_en = 1
# ram_pkg.monitor.run Test ID: 41 Monitor Putting dut out: 0 into mailbox at time 3500
# Test PASSED : ref = 0 | dut = 0
# ram_pkg.scoreboard.run Got data_in = 0 | address = 10 | write_en = 0 | read_en = 1
# Reading from the reference
# 
#  
# Driving inputs at time 3580 Test ID 43: data_in = 0 | address = 10 | write_en = 0 | read_en = 1
# ram_pkg.monitor.run Test ID: 42 Monitor Putting dut out: 0 into mailbox at time 3580
# Test PASSED : ref = 0 | dut = 0
# ram_pkg.scoreboard.run Got data_in = 0 | address = 10 | write_en = 0 | read_en = 1
# Reading from the reference
# 
#  
# Driving inputs at time 3660 Test ID 44: data_in = 0 | address = 31 | write_en = 0 | read_en = 1
# ram_pkg.monitor.run Test ID: 43 Monitor Putting dut out: 0 into mailbox at time 3660
# Test PASSED : ref = 0 | dut = 0
# ram_pkg.scoreboard.run Got data_in = 0 | address = 31 | write_en = 0 | read_en = 1
# Reading from the reference
# 
#  
# Driving inputs at time 3740 Test ID 45: data_in = 0 | address = 10 | write_en = 0 | read_en = 1
# ram_pkg.monitor.run Test ID: 44 Monitor Putting dut out: 0 into mailbox at time 3740
# Test PASSED : ref = 0 | dut = 0
# ram_pkg.scoreboard.run Got data_in = 0 | address = 10 | write_en = 0 | read_en = 1
# Reading from the reference
# 
#  
# Driving inputs at time 3820 Test ID 46: data_in = 0 | address = 4 | write_en = 0 | read_en = 1
# ram_pkg.monitor.run Test ID: 45 Monitor Putting dut out: 0 into mailbox at time 3820
# Test PASSED : ref = 0 | dut = 0
# ram_pkg.scoreboard.run Got data_in = 0 | address = 4 | write_en = 0 | read_en = 1
# Reading from the reference
# 
#  
# Driving inputs at time 3900 Test ID 47: data_in = 0 | address = 13 | write_en = 0 | read_en = 1
# ram_pkg.monitor.run Test ID: 46 Monitor Putting dut out: 0 into mailbox at time 3900
# Test PASSED : ref = 0 | dut = 0
# ram_pkg.scoreboard.run Got data_in = 0 | address = 13 | write_en = 0 | read_en = 1
# Reading from the reference
# 
#  
# Driving inputs at time 3980 Test ID 48: data_in = 0 | address = 12 | write_en = 0 | read_en = 1
# ram_pkg.monitor.run Test ID: 47 Monitor Putting dut out: 0 into mailbox at time 3980
# Test PASSED : ref = 0 | dut = 0
# ram_pkg.scoreboard.run Got data_in = 0 | address = 12 | write_en = 0 | read_en = 1
# Reading from the reference
# 
#  
# Driving inputs at time 4060 Test ID 49: data_in = 0 | address = 21 | write_en = 0 | read_en = 1
# ram_pkg.monitor.run Test ID: 48 Monitor Putting dut out: 0 into mailbox at time 4060
# Test PASSED : ref = 0 | dut = 0
# ram_pkg.scoreboard.run Got data_in = 0 | address = 21 | write_en = 0 | read_en = 1
# Reading from the reference
# 
#  
# Driving inputs at time 4140 Test ID 50: data_in = 0 | address = 19 | write_en = 0 | read_en = 1
# ram_pkg.monitor.run Test ID: 49 Monitor Putting dut out: 0 into mailbox at time 4140
# Test PASSED : ref = 0 | dut = 0
# ram_pkg.scoreboard.run Got data_in = 0 | address = 19 | write_en = 0 | read_en = 1
# Reading from the reference
# ram_pkg.monitor.run Test ID: 50 Monitor Putting dut out: 0 into mailbox at time 4220
# Test PASSED : ref = 0 | dut = 0
# Total cases = 98 | Passed = 48 | Failed = 1
# Only write Test Cases
# 
#  
# Driving inputs at time 4380 Test ID 0: data_in = 168 | address = 26 | write_en = 1 | read_en = 0
# ram_pkg.scoreboard.run Got data_in = 168 | address = 26 | write_en = 1 | read_en = 0
# Writing into the reference
# 
#  
# Driving inputs at time 4460 Test ID 1: data_in = 111 | address = 12 | write_en = 1 | read_en = 0
# ram_pkg.monitor.run Test ID: 0 Monitor Putting dut out: z into mailbox at time 4460
# Writing in to RAM
# Test PASSED : ref = z | dut = z
# ram_pkg.scoreboard.run Got data_in = 111 | address = 12 | write_en = 1 | read_en = 0
# Writing into the reference
# 
#  
# Driving inputs at time 4540 Test ID 2: data_in = 19 | address = 27 | write_en = 1 | read_en = 0
# ram_pkg.monitor.run Test ID: 1 Monitor Putting dut out: z into mailbox at time 4540
# Writing in to RAM
# Test PASSED : ref = z | dut = z
# ram_pkg.scoreboard.run Got data_in = 19 | address = 27 | write_en = 1 | read_en = 0
# Writing into the reference
# 
#  
# Driving inputs at time 4620 Test ID 3: data_in = 109 | address = 9 | write_en = 1 | read_en = 0
# ram_pkg.monitor.run Test ID: 2 Monitor Putting dut out: z into mailbox at time 4620
# Writing in to RAM
# Test PASSED : ref = z | dut = z
# ram_pkg.scoreboard.run Got data_in = 109 | address = 9 | write_en = 1 | read_en = 0
# Writing into the reference
# 
#  
# Driving inputs at time 4700 Test ID 4: data_in = 82 | address = 13 | write_en = 1 | read_en = 0
# ram_pkg.monitor.run Test ID: 3 Monitor Putting dut out: z into mailbox at time 4700
# Writing in to RAM
# Test PASSED : ref = z | dut = z
# ram_pkg.scoreboard.run Got data_in = 82 | address = 13 | write_en = 1 | read_en = 0
# Writing into the reference
# 
#  
# Driving inputs at time 4780 Test ID 5: data_in = 244 | address = 20 | write_en = 1 | read_en = 0
# ram_pkg.monitor.run Test ID: 4 Monitor Putting dut out: z into mailbox at time 4780
# Writing in to RAM
# Test PASSED : ref = z | dut = z
# ram_pkg.scoreboard.run Got data_in = 244 | address = 20 | write_en = 1 | read_en = 0
# Writing into the reference
# 
#  
# Driving inputs at time 4860 Test ID 6: data_in = 173 | address = 30 | write_en = 1 | read_en = 0
# ram_pkg.monitor.run Test ID: 5 Monitor Putting dut out: z into mailbox at time 4860
# Writing in to RAM
# Test PASSED : ref = z | dut = z
# ram_pkg.scoreboard.run Got data_in = 173 | address = 30 | write_en = 1 | read_en = 0
# Writing into the reference
# 
#  
# Driving inputs at time 4940 Test ID 7: data_in = 193 | address = 10 | write_en = 1 | read_en = 0
# ram_pkg.monitor.run Test ID: 6 Monitor Putting dut out: z into mailbox at time 4940
# Writing in to RAM
# Test PASSED : ref = z | dut = z
# ram_pkg.scoreboard.run Got data_in = 193 | address = 10 | write_en = 1 | read_en = 0
# Writing into the reference
# 
#  
# Driving inputs at time 5020 Test ID 8: data_in = 18 | address = 16 | write_en = 1 | read_en = 0
# ram_pkg.monitor.run Test ID: 7 Monitor Putting dut out: z into mailbox at time 5020
# Writing in to RAM
# Test PASSED : ref = z | dut = z
# ram_pkg.scoreboard.run Got data_in = 18 | address = 16 | write_en = 1 | read_en = 0
# Writing into the reference
# 
#  
# Driving inputs at time 5100 Test ID 9: data_in = 100 | address = 4 | write_en = 1 | read_en = 0
# ram_pkg.monitor.run Test ID: 8 Monitor Putting dut out: z into mailbox at time 5100
# Writing in to RAM
# Test PASSED : ref = z | dut = z
# ram_pkg.scoreboard.run Got data_in = 100 | address = 4 | write_en = 1 | read_en = 0
# Writing into the reference
# 
#  
# Driving inputs at time 5180 Test ID 10: data_in = 47 | address = 2 | write_en = 1 | read_en = 0
# ram_pkg.monitor.run Test ID: 9 Monitor Putting dut out: z into mailbox at time 5180
# Writing in to RAM
# Test PASSED : ref = z | dut = z
# ram_pkg.scoreboard.run Got data_in = 47 | address = 2 | write_en = 1 | read_en = 0
# Writing into the reference
# 
#  
# Driving inputs at time 5260 Test ID 11: data_in = 238 | address = 19 | write_en = 1 | read_en = 0
# ram_pkg.monitor.run Test ID: 10 Monitor Putting dut out: z into mailbox at time 5260
# Writing in to RAM
# Test PASSED : ref = z | dut = z
# ram_pkg.scoreboard.run Got data_in = 238 | address = 19 | write_en = 1 | read_en = 0
# Writing into the reference
# 
#  
# Driving inputs at time 5340 Test ID 12: data_in = 178 | address = 5 | write_en = 1 | read_en = 0
# ram_pkg.monitor.run Test ID: 11 Monitor Putting dut out: z into mailbox at time 5340
# Writing in to RAM
# Test PASSED : ref = z | dut = z
# ram_pkg.scoreboard.run Got data_in = 178 | address = 5 | write_en = 1 | read_en = 0
# Writing into the reference
# 
#  
# Driving inputs at time 5420 Test ID 13: data_in = 182 | address = 14 | write_en = 1 | read_en = 0
# ram_pkg.monitor.run Test ID: 12 Monitor Putting dut out: z into mailbox at time 5420
# Writing in to RAM
# Test PASSED : ref = z | dut = z
# ram_pkg.scoreboard.run Got data_in = 182 | address = 14 | write_en = 1 | read_en = 0
# Writing into the reference
# 
#  
# Driving inputs at time 5500 Test ID 14: data_in = 126 | address = 4 | write_en = 1 | read_en = 0
# ram_pkg.monitor.run Test ID: 13 Monitor Putting dut out: z into mailbox at time 5500
# Writing in to RAM
# Test PASSED : ref = z | dut = z
# ram_pkg.scoreboard.run Got data_in = 126 | address = 4 | write_en = 1 | read_en = 0
# Writing into the reference
# 
#  
# Driving inputs at time 5580 Test ID 15: data_in = 1 | address = 30 | write_en = 1 | read_en = 0
# ram_pkg.monitor.run Test ID: 14 Monitor Putting dut out: z into mailbox at time 5580
# Writing in to RAM
# Test PASSED : ref = z | dut = z
# ram_pkg.scoreboard.run Got data_in = 1 | address = 30 | write_en = 1 | read_en = 0
# Writing into the reference
# 
#  
# Driving inputs at time 5660 Test ID 16: data_in = 198 | address = 8 | write_en = 1 | read_en = 0
# ram_pkg.monitor.run Test ID: 15 Monitor Putting dut out: z into mailbox at time 5660
# Writing in to RAM
# Test PASSED : ref = z | dut = z
# ram_pkg.scoreboard.run Got data_in = 198 | address = 8 | write_en = 1 | read_en = 0
# Writing into the reference
# 
#  
# Driving inputs at time 5740 Test ID 17: data_in = 229 | address = 27 | write_en = 1 | read_en = 0
# ram_pkg.monitor.run Test ID: 16 Monitor Putting dut out: z into mailbox at time 5740
# Writing in to RAM
# Test PASSED : ref = z | dut = z
# ram_pkg.scoreboard.run Got data_in = 229 | address = 27 | write_en = 1 | read_en = 0
# Writing into the reference
# 
#  
# Driving inputs at time 5820 Test ID 18: data_in = 57 | address = 15 | write_en = 1 | read_en = 0
# ram_pkg.monitor.run Test ID: 17 Monitor Putting dut out: z into mailbox at time 5820
# Writing in to RAM
# Test PASSED : ref = z | dut = z
# ram_pkg.scoreboard.run Got data_in = 57 | address = 15 | write_en = 1 | read_en = 0
# Writing into the reference
# 
#  
# Driving inputs at time 5900 Test ID 19: data_in = 253 | address = 20 | write_en = 1 | read_en = 0
# ram_pkg.monitor.run Test ID: 18 Monitor Putting dut out: z into mailbox at time 5900
# Writing in to RAM
# Test PASSED : ref = z | dut = z
# ram_pkg.scoreboard.run Got data_in = 253 | address = 20 | write_en = 1 | read_en = 0
# Writing into the reference
# 
#  
# Driving inputs at time 5980 Test ID 20: data_in = 156 | address = 2 | write_en = 1 | read_en = 0
# ram_pkg.monitor.run Test ID: 19 Monitor Putting dut out: z into mailbox at time 5980
# Writing in to RAM
# Test PASSED : ref = z | dut = z
# ram_pkg.scoreboard.run Got data_in = 156 | address = 2 | write_en = 1 | read_en = 0
# Writing into the reference
# 
#  
# Driving inputs at time 6060 Test ID 21: data_in = 134 | address = 10 | write_en = 1 | read_en = 0
# ram_pkg.monitor.run Test ID: 20 Monitor Putting dut out: z into mailbox at time 6060
# Writing in to RAM
# Test PASSED : ref = z | dut = z
# ram_pkg.scoreboard.run Got data_in = 134 | address = 10 | write_en = 1 | read_en = 0
# Writing into the reference
# 
#  
# Driving inputs at time 6140 Test ID 22: data_in = 192 | address = 24 | write_en = 1 | read_en = 0
# ram_pkg.monitor.run Test ID: 21 Monitor Putting dut out: z into mailbox at time 6140
# Writing in to RAM
# Test PASSED : ref = z | dut = z
# ram_pkg.scoreboard.run Got data_in = 192 | address = 24 | write_en = 1 | read_en = 0
# Writing into the reference
# 
#  
# Driving inputs at time 6220 Test ID 23: data_in = 73 | address = 1 | write_en = 1 | read_en = 0
# ram_pkg.monitor.run Test ID: 22 Monitor Putting dut out: z into mailbox at time 6220
# Writing in to RAM
# Test PASSED : ref = z | dut = z
# ram_pkg.scoreboard.run Got data_in = 73 | address = 1 | write_en = 1 | read_en = 0
# Writing into the reference
# 
#  
# Driving inputs at time 6300 Test ID 24: data_in = 8 | address = 23 | write_en = 1 | read_en = 0
# ram_pkg.monitor.run Test ID: 23 Monitor Putting dut out: z into mailbox at time 6300
# Writing in to RAM
# Test PASSED : ref = z | dut = z
# ram_pkg.scoreboard.run Got data_in = 8 | address = 23 | write_en = 1 | read_en = 0
# Writing into the reference
# 
#  
# Driving inputs at time 6380 Test ID 25: data_in = 152 | address = 2 | write_en = 1 | read_en = 0
# ram_pkg.monitor.run Test ID: 24 Monitor Putting dut out: z into mailbox at time 6380
# Writing in to RAM
# Test PASSED : ref = z | dut = z
# ram_pkg.scoreboard.run Got data_in = 152 | address = 2 | write_en = 1 | read_en = 0
# Writing into the reference
# 
#  
# Driving inputs at time 6460 Test ID 26: data_in = 134 | address = 4 | write_en = 1 | read_en = 0
# ram_pkg.monitor.run Test ID: 25 Monitor Putting dut out: z into mailbox at time 6460
# Writing in to RAM
# Test PASSED : ref = z | dut = z
# ram_pkg.scoreboard.run Got data_in = 134 | address = 4 | write_en = 1 | read_en = 0
# Writing into the reference
# 
#  
# Driving inputs at time 6540 Test ID 27: data_in = 36 | address = 16 | write_en = 1 | read_en = 0
# ram_pkg.monitor.run Test ID: 26 Monitor Putting dut out: z into mailbox at time 6540
# Writing in to RAM
# Test PASSED : ref = z | dut = z
# ram_pkg.scoreboard.run Got data_in = 36 | address = 16 | write_en = 1 | read_en = 0
# Writing into the reference
# 
#  
# Driving inputs at time 6620 Test ID 28: data_in = 169 | address = 24 | write_en = 1 | read_en = 0
# ram_pkg.monitor.run Test ID: 27 Monitor Putting dut out: z into mailbox at time 6620
# Writing in to RAM
# Test PASSED : ref = z | dut = z
# ram_pkg.scoreboard.run Got data_in = 169 | address = 24 | write_en = 1 | read_en = 0
# Writing into the reference
# 
#  
# Driving inputs at time 6700 Test ID 29: data_in = 140 | address = 30 | write_en = 1 | read_en = 0
# ram_pkg.monitor.run Test ID: 28 Monitor Putting dut out: z into mailbox at time 6700
# Writing in to RAM
# Test PASSED : ref = z | dut = z
# ram_pkg.scoreboard.run Got data_in = 140 | address = 30 | write_en = 1 | read_en = 0
# Writing into the reference
# 
#  
# Driving inputs at time 6780 Test ID 30: data_in = 240 | address = 21 | write_en = 1 | read_en = 0
# ram_pkg.monitor.run Test ID: 29 Monitor Putting dut out: z into mailbox at time 6780
# Writing in to RAM
# Test PASSED : ref = z | dut = z
# ram_pkg.scoreboard.run Got data_in = 240 | address = 21 | write_en = 1 | read_en = 0
# Writing into the reference
# 
#  
# Driving inputs at time 6860 Test ID 31: data_in = 212 | address = 14 | write_en = 1 | read_en = 0
# ram_pkg.monitor.run Test ID: 30 Monitor Putting dut out: z into mailbox at time 6860
# Writing in to RAM
# Test PASSED : ref = z | dut = z
# ram_pkg.scoreboard.run Got data_in = 212 | address = 14 | write_en = 1 | read_en = 0
# Writing into the reference
# 
#  
# Driving inputs at time 6940 Test ID 32: data_in = 168 | address = 22 | write_en = 1 | read_en = 0
# ram_pkg.monitor.run Test ID: 31 Monitor Putting dut out: z into mailbox at time 6940
# Writing in to RAM
# Test PASSED : ref = z | dut = z
# ram_pkg.scoreboard.run Got data_in = 168 | address = 22 | write_en = 1 | read_en = 0
# Writing into the reference
# 
#  
# Driving inputs at time 7020 Test ID 33: data_in = 230 | address = 8 | write_en = 1 | read_en = 0
# ram_pkg.monitor.run Test ID: 32 Monitor Putting dut out: z into mailbox at time 7020
# Writing in to RAM
# Test PASSED : ref = z | dut = z
# ram_pkg.scoreboard.run Got data_in = 230 | address = 8 | write_en = 1 | read_en = 0
# Writing into the reference
# 
#  
# Driving inputs at time 7100 Test ID 34: data_in = 128 | address = 17 | write_en = 1 | read_en = 0
# ram_pkg.monitor.run Test ID: 33 Monitor Putting dut out: z into mailbox at time 7100
# Writing in to RAM
# Test PASSED : ref = z | dut = z
# ram_pkg.scoreboard.run Got data_in = 128 | address = 17 | write_en = 1 | read_en = 0
# Writing into the reference
# 
#  
# Driving inputs at time 7180 Test ID 35: data_in = 133 | address = 24 | write_en = 1 | read_en = 0
# ram_pkg.monitor.run Test ID: 34 Monitor Putting dut out: z into mailbox at time 7180
# Writing in to RAM
# Test PASSED : ref = z | dut = z
# ram_pkg.scoreboard.run Got data_in = 133 | address = 24 | write_en = 1 | read_en = 0
# Writing into the reference
# 
#  
# Driving inputs at time 7260 Test ID 36: data_in = 24 | address = 22 | write_en = 1 | read_en = 0
# ram_pkg.monitor.run Test ID: 35 Monitor Putting dut out: z into mailbox at time 7260
# Writing in to RAM
# Test PASSED : ref = z | dut = z
# ram_pkg.scoreboard.run Got data_in = 24 | address = 22 | write_en = 1 | read_en = 0
# Writing into the reference
# 
#  
# Driving inputs at time 7340 Test ID 37: data_in = 51 | address = 29 | write_en = 1 | read_en = 0
# ram_pkg.monitor.run Test ID: 36 Monitor Putting dut out: z into mailbox at time 7340
# Writing in to RAM
# Test PASSED : ref = z | dut = z
# ram_pkg.scoreboard.run Got data_in = 51 | address = 29 | write_en = 1 | read_en = 0
# Writing into the reference
# 
#  
# Driving inputs at time 7420 Test ID 38: data_in = 162 | address = 19 | write_en = 1 | read_en = 0
# ram_pkg.monitor.run Test ID: 37 Monitor Putting dut out: z into mailbox at time 7420
# Writing in to RAM
# Test PASSED : ref = z | dut = z
# ram_pkg.scoreboard.run Got data_in = 162 | address = 19 | write_en = 1 | read_en = 0
# Writing into the reference
# 
#  
# Driving inputs at time 7500 Test ID 39: data_in = 231 | address = 19 | write_en = 1 | read_en = 0
# ram_pkg.monitor.run Test ID: 38 Monitor Putting dut out: z into mailbox at time 7500
# Writing in to RAM
# Test PASSED : ref = z | dut = z
# ram_pkg.scoreboard.run Got data_in = 231 | address = 19 | write_en = 1 | read_en = 0
# Writing into the reference
# 
#  
# Driving inputs at time 7580 Test ID 40: data_in = 66 | address = 23 | write_en = 1 | read_en = 0
# ram_pkg.monitor.run Test ID: 39 Monitor Putting dut out: z into mailbox at time 7580
# Writing in to RAM
# Test PASSED : ref = z | dut = z
# ram_pkg.scoreboard.run Got data_in = 66 | address = 23 | write_en = 1 | read_en = 0
# Writing into the reference
# 
#  
# Driving inputs at time 7660 Test ID 41: data_in = 193 | address = 4 | write_en = 1 | read_en = 0
# ram_pkg.monitor.run Test ID: 40 Monitor Putting dut out: z into mailbox at time 7660
# Writing in to RAM
# Test PASSED : ref = z | dut = z
# ram_pkg.scoreboard.run Got data_in = 193 | address = 4 | write_en = 1 | read_en = 0
# Writing into the reference
# 
#  
# Driving inputs at time 7740 Test ID 42: data_in = 96 | address = 2 | write_en = 1 | read_en = 0
# ram_pkg.monitor.run Test ID: 41 Monitor Putting dut out: z into mailbox at time 7740
# Writing in to RAM
# Test PASSED : ref = z | dut = z
# ram_pkg.scoreboard.run Got data_in = 96 | address = 2 | write_en = 1 | read_en = 0
# Writing into the reference
# 
#  
# Driving inputs at time 7820 Test ID 43: data_in = 223 | address = 15 | write_en = 1 | read_en = 0
# ram_pkg.monitor.run Test ID: 42 Monitor Putting dut out: z into mailbox at time 7820
# Writing in to RAM
# Test PASSED : ref = z | dut = z
# ram_pkg.scoreboard.run Got data_in = 223 | address = 15 | write_en = 1 | read_en = 0
# Writing into the reference
# 
#  
# Driving inputs at time 7900 Test ID 44: data_in = 220 | address = 3 | write_en = 1 | read_en = 0
# ram_pkg.monitor.run Test ID: 43 Monitor Putting dut out: z into mailbox at time 7900
# Writing in to RAM
# Test PASSED : ref = z | dut = z
# ram_pkg.scoreboard.run Got data_in = 220 | address = 3 | write_en = 1 | read_en = 0
# Writing into the reference
# 
#  
# Driving inputs at time 7980 Test ID 45: data_in = 243 | address = 28 | write_en = 1 | read_en = 0
# ram_pkg.monitor.run Test ID: 44 Monitor Putting dut out: z into mailbox at time 7980
# Writing in to RAM
# Test PASSED : ref = z | dut = z
# ram_pkg.scoreboard.run Got data_in = 243 | address = 28 | write_en = 1 | read_en = 0
# Writing into the reference
# 
#  
# Driving inputs at time 8060 Test ID 46: data_in = 38 | address = 6 | write_en = 1 | read_en = 0
# ram_pkg.monitor.run Test ID: 45 Monitor Putting dut out: z into mailbox at time 8060
# Writing in to RAM
# Test PASSED : ref = z | dut = z
# ram_pkg.scoreboard.run Got data_in = 38 | address = 6 | write_en = 1 | read_en = 0
# Writing into the reference
# 
#  
# Driving inputs at time 8140 Test ID 47: data_in = 60 | address = 14 | write_en = 1 | read_en = 0
# ram_pkg.monitor.run Test ID: 46 Monitor Putting dut out: z into mailbox at time 8140
# Writing in to RAM
# Test PASSED : ref = z | dut = z
# ram_pkg.scoreboard.run Got data_in = 60 | address = 14 | write_en = 1 | read_en = 0
# Writing into the reference
# 
#  
# Driving inputs at time 8220 Test ID 48: data_in = 53 | address = 1 | write_en = 1 | read_en = 0
# ram_pkg.monitor.run Test ID: 47 Monitor Putting dut out: z into mailbox at time 8220
# Writing in to RAM
# Test PASSED : ref = z | dut = z
# ram_pkg.scoreboard.run Got data_in = 53 | address = 1 | write_en = 1 | read_en = 0
# Writing into the reference
# 
#  
# Driving inputs at time 8300 Test ID 49: data_in = 123 | address = 29 | write_en = 1 | read_en = 0
# ram_pkg.monitor.run Test ID: 48 Monitor Putting dut out: z into mailbox at time 8300
# Writing in to RAM
# Test PASSED : ref = z | dut = z
# ram_pkg.scoreboard.run Got data_in = 123 | address = 29 | write_en = 1 | read_en = 0
# Writing into the reference
# 
#  
# Driving inputs at time 8380 Test ID 50: data_in = 214 | address = 13 | write_en = 1 | read_en = 0
# ram_pkg.monitor.run Test ID: 49 Monitor Putting dut out: z into mailbox at time 8380
# Writing in to RAM
# Test PASSED : ref = z | dut = z
# ram_pkg.scoreboard.run Got data_in = 214 | address = 13 | write_en = 1 | read_en = 0
# Writing into the reference
# ram_pkg.monitor.run Test ID: 50 Monitor Putting dut out: z into mailbox at time 8460
# Writing in to RAM
# Test PASSED : ref = z | dut = z
# Total cases = 200 | Passed = 99 | Failed = 1
# 
#  
#  
# Running Write Followed by Read 
#  
# 
# Only Write Test Cases
# 
#  
# Driving inputs during reset at time 8660 Test ID: 0: data_in = 51 | address = 7 | write_en = 1 | read_en = 0
# ram_pkg.scoreboard.run Got data_in = 51 | address = 7 | write_en = 1 | read_en = 0
# ram_pkg.monitor.run Test ID: 0 Monitor Putting dut out: z into mailbox at time 8700
# Reset Asserted
# Reset Asserted
# Reset Deasserted at time 8740
# 
#  
# Driving inputs during reset at time 8740 Test ID: 1: data_in = 184 | address = 14 | write_en = 1 | read_en = 0
# ram_pkg.scoreboard.run Got data_in = 184 | address = 14 | write_en = 1 | read_en = 0
# 
#  
# Driving inputs at time 8780 Test ID 2: data_in = 9 | address = 17 | write_en = 1 | read_en = 0
# ram_pkg.monitor.run Test ID: 1 Monitor Putting dut out: z into mailbox at time 8780
# Writing into the reference
# Writing in to RAM
# Test PASSED : ref = z | dut = z
# ram_pkg.scoreboard.run Got data_in = 9 | address = 17 | write_en = 1 | read_en = 0
# Writing into the reference
# 
#  
# Driving inputs at time 8860 Test ID 3: data_in = 74 | address = 12 | write_en = 1 | read_en = 0
# ram_pkg.monitor.run Test ID: 2 Monitor Putting dut out: z into mailbox at time 8860
# Writing in to RAM
# Test PASSED : ref = z | dut = z
# ram_pkg.scoreboard.run Got data_in = 74 | address = 12 | write_en = 1 | read_en = 0
# Writing into the reference
# 
#  
# Driving inputs at time 8940 Test ID 4: data_in = 203 | address = 14 | write_en = 1 | read_en = 0
# ram_pkg.monitor.run Test ID: 3 Monitor Putting dut out: z into mailbox at time 8940
# Writing in to RAM
# Test PASSED : ref = z | dut = z
# ram_pkg.scoreboard.run Got data_in = 203 | address = 14 | write_en = 1 | read_en = 0
# Writing into the reference
# 
#  
# Driving inputs at time 9020 Test ID 5: data_in = 37 | address = 30 | write_en = 1 | read_en = 0
# ram_pkg.monitor.run Test ID: 4 Monitor Putting dut out: z into mailbox at time 9020
# Writing in to RAM
# Test PASSED : ref = z | dut = z
# ram_pkg.scoreboard.run Got data_in = 37 | address = 30 | write_en = 1 | read_en = 0
# Writing into the reference
# 
#  
# Driving inputs at time 9100 Test ID 6: data_in = 181 | address = 30 | write_en = 1 | read_en = 0
# ram_pkg.monitor.run Test ID: 5 Monitor Putting dut out: z into mailbox at time 9100
# Writing in to RAM
# Test PASSED : ref = z | dut = z
# ram_pkg.scoreboard.run Got data_in = 181 | address = 30 | write_en = 1 | read_en = 0
# Writing into the reference
# 
#  
# Driving inputs at time 9180 Test ID 7: data_in = 47 | address = 6 | write_en = 1 | read_en = 0
# ram_pkg.monitor.run Test ID: 6 Monitor Putting dut out: z into mailbox at time 9180
# Writing in to RAM
# Test PASSED : ref = z | dut = z
# ram_pkg.scoreboard.run Got data_in = 47 | address = 6 | write_en = 1 | read_en = 0
# Writing into the reference
# 
#  
# Driving inputs at time 9260 Test ID 8: data_in = 184 | address = 16 | write_en = 1 | read_en = 0
# ram_pkg.monitor.run Test ID: 7 Monitor Putting dut out: z into mailbox at time 9260
# Writing in to RAM
# Test PASSED : ref = z | dut = z
# ram_pkg.scoreboard.run Got data_in = 184 | address = 16 | write_en = 1 | read_en = 0
# Writing into the reference
# 
#  
# Driving inputs at time 9340 Test ID 9: data_in = 50 | address = 15 | write_en = 1 | read_en = 0
# ram_pkg.monitor.run Test ID: 8 Monitor Putting dut out: z into mailbox at time 9340
# Writing in to RAM
# Test PASSED : ref = z | dut = z
# ram_pkg.scoreboard.run Got data_in = 50 | address = 15 | write_en = 1 | read_en = 0
# Writing into the reference
# 
#  
# Driving inputs at time 9420 Test ID 10: data_in = 143 | address = 28 | write_en = 1 | read_en = 0
# ram_pkg.monitor.run Test ID: 9 Monitor Putting dut out: z into mailbox at time 9420
# Writing in to RAM
# Test PASSED : ref = z | dut = z
# ram_pkg.scoreboard.run Got data_in = 143 | address = 28 | write_en = 1 | read_en = 0
# Writing into the reference
# 
#  
# Driving inputs at time 9500 Test ID 11: data_in = 63 | address = 27 | write_en = 1 | read_en = 0
# ram_pkg.monitor.run Test ID: 10 Monitor Putting dut out: z into mailbox at time 9500
# Writing in to RAM
# Test PASSED : ref = z | dut = z
# ram_pkg.scoreboard.run Got data_in = 63 | address = 27 | write_en = 1 | read_en = 0
# Writing into the reference
# 
#  
# Driving inputs at time 9580 Test ID 12: data_in = 48 | address = 28 | write_en = 1 | read_en = 0
# ram_pkg.monitor.run Test ID: 11 Monitor Putting dut out: z into mailbox at time 9580
# Writing in to RAM
# Test PASSED : ref = z | dut = z
# ram_pkg.scoreboard.run Got data_in = 48 | address = 28 | write_en = 1 | read_en = 0
# Writing into the reference
# 
#  
# Driving inputs at time 9660 Test ID 13: data_in = 214 | address = 4 | write_en = 1 | read_en = 0
# ram_pkg.monitor.run Test ID: 12 Monitor Putting dut out: z into mailbox at time 9660
# Writing in to RAM
# Test PASSED : ref = z | dut = z
# ram_pkg.scoreboard.run Got data_in = 214 | address = 4 | write_en = 1 | read_en = 0
# Writing into the reference
# 
#  
# Driving inputs at time 9740 Test ID 14: data_in = 15 | address = 31 | write_en = 1 | read_en = 0
# ram_pkg.monitor.run Test ID: 13 Monitor Putting dut out: z into mailbox at time 9740
# Writing in to RAM
# Test PASSED : ref = z | dut = z
# ram_pkg.scoreboard.run Got data_in = 15 | address = 31 | write_en = 1 | read_en = 0
# Writing into the reference
# 
#  
# Driving inputs at time 9820 Test ID 15: data_in = 86 | address = 6 | write_en = 1 | read_en = 0
# ram_pkg.monitor.run Test ID: 14 Monitor Putting dut out: z into mailbox at time 9820
# Writing in to RAM
# Test PASSED : ref = z | dut = z
# ram_pkg.scoreboard.run Got data_in = 86 | address = 6 | write_en = 1 | read_en = 0
# Writing into the reference
# 
#  
# Driving inputs at time 9900 Test ID 16: data_in = 44 | address = 28 | write_en = 1 | read_en = 0
# ram_pkg.monitor.run Test ID: 15 Monitor Putting dut out: z into mailbox at time 9900
# Writing in to RAM
# Test PASSED : ref = z | dut = z
# ram_pkg.scoreboard.run Got data_in = 44 | address = 28 | write_en = 1 | read_en = 0
# Writing into the reference
# 
#  
# Driving inputs at time 9980 Test ID 17: data_in = 178 | address = 11 | write_en = 1 | read_en = 0
# ram_pkg.monitor.run Test ID: 16 Monitor Putting dut out: z into mailbox at time 9980
# Writing in to RAM
# Test PASSED : ref = z | dut = z
# ram_pkg.scoreboard.run Got data_in = 178 | address = 11 | write_en = 1 | read_en = 0
# Writing into the reference
# 
#  
# Driving inputs at time 10060 Test ID 18: data_in = 229 | address = 11 | write_en = 1 | read_en = 0
# ram_pkg.monitor.run Test ID: 17 Monitor Putting dut out: z into mailbox at time 10060
# Writing in to RAM
# Test PASSED : ref = z | dut = z
# ram_pkg.scoreboard.run Got data_in = 229 | address = 11 | write_en = 1 | read_en = 0
# Writing into the reference
# 
#  
# Driving inputs at time 10140 Test ID 19: data_in = 140 | address = 23 | write_en = 1 | read_en = 0
# ram_pkg.monitor.run Test ID: 18 Monitor Putting dut out: z into mailbox at time 10140
# Writing in to RAM
# Test PASSED : ref = z | dut = z
# ram_pkg.scoreboard.run Got data_in = 140 | address = 23 | write_en = 1 | read_en = 0
# Writing into the reference
# 
#  
# Driving inputs at time 10220 Test ID 20: data_in = 91 | address = 4 | write_en = 1 | read_en = 0
# ram_pkg.monitor.run Test ID: 19 Monitor Putting dut out: z into mailbox at time 10220
# Writing in to RAM
# Test PASSED : ref = z | dut = z
# ram_pkg.scoreboard.run Got data_in = 91 | address = 4 | write_en = 1 | read_en = 0
# Writing into the reference
# 
#  
# Driving inputs at time 10300 Test ID 21: data_in = 163 | address = 19 | write_en = 1 | read_en = 0
# ram_pkg.monitor.run Test ID: 20 Monitor Putting dut out: z into mailbox at time 10300
# Writing in to RAM
# Test PASSED : ref = z | dut = z
# ram_pkg.scoreboard.run Got data_in = 163 | address = 19 | write_en = 1 | read_en = 0
# Writing into the reference
# 
#  
# Driving inputs at time 10380 Test ID 22: data_in = 6 | address = 22 | write_en = 1 | read_en = 0
# ram_pkg.monitor.run Test ID: 21 Monitor Putting dut out: z into mailbox at time 10380
# Writing in to RAM
# Test PASSED : ref = z | dut = z
# ram_pkg.scoreboard.run Got data_in = 6 | address = 22 | write_en = 1 | read_en = 0
# Writing into the reference
# 
#  
# Driving inputs at time 10460 Test ID 23: data_in = 169 | address = 9 | write_en = 1 | read_en = 0
# ram_pkg.monitor.run Test ID: 22 Monitor Putting dut out: z into mailbox at time 10460
# Writing in to RAM
# Test PASSED : ref = z | dut = z
# ram_pkg.scoreboard.run Got data_in = 169 | address = 9 | write_en = 1 | read_en = 0
# Writing into the reference
# 
#  
# Driving inputs at time 10540 Test ID 24: data_in = 195 | address = 0 | write_en = 1 | read_en = 0
# ram_pkg.monitor.run Test ID: 23 Monitor Putting dut out: z into mailbox at time 10540
# Writing in to RAM
# Test PASSED : ref = z | dut = z
# ram_pkg.scoreboard.run Got data_in = 195 | address = 0 | write_en = 1 | read_en = 0
# Writing into the reference
# 
#  
# Driving inputs at time 10620 Test ID 25: data_in = 99 | address = 21 | write_en = 1 | read_en = 0
# ram_pkg.monitor.run Test ID: 24 Monitor Putting dut out: z into mailbox at time 10620
# Writing in to RAM
# Test PASSED : ref = z | dut = z
# ram_pkg.scoreboard.run Got data_in = 99 | address = 21 | write_en = 1 | read_en = 0
# Writing into the reference
# 
#  
# Driving inputs at time 10700 Test ID 26: data_in = 228 | address = 1 | write_en = 1 | read_en = 0
# ram_pkg.monitor.run Test ID: 25 Monitor Putting dut out: z into mailbox at time 10700
# Writing in to RAM
# Test PASSED : ref = z | dut = z
# ram_pkg.scoreboard.run Got data_in = 228 | address = 1 | write_en = 1 | read_en = 0
# Writing into the reference
# 
#  
# Driving inputs at time 10780 Test ID 27: data_in = 61 | address = 20 | write_en = 1 | read_en = 0
# ram_pkg.monitor.run Test ID: 26 Monitor Putting dut out: z into mailbox at time 10780
# Writing in to RAM
# Test PASSED : ref = z | dut = z
# ram_pkg.scoreboard.run Got data_in = 61 | address = 20 | write_en = 1 | read_en = 0
# Writing into the reference
# 
#  
# Driving inputs at time 10860 Test ID 28: data_in = 153 | address = 13 | write_en = 1 | read_en = 0
# ram_pkg.monitor.run Test ID: 27 Monitor Putting dut out: z into mailbox at time 10860
# Writing in to RAM
# Test PASSED : ref = z | dut = z
# ram_pkg.scoreboard.run Got data_in = 153 | address = 13 | write_en = 1 | read_en = 0
# Writing into the reference
# 
#  
# Driving inputs at time 10940 Test ID 29: data_in = 39 | address = 1 | write_en = 1 | read_en = 0
# ram_pkg.monitor.run Test ID: 28 Monitor Putting dut out: z into mailbox at time 10940
# Writing in to RAM
# Test PASSED : ref = z | dut = z
# ram_pkg.scoreboard.run Got data_in = 39 | address = 1 | write_en = 1 | read_en = 0
# Writing into the reference
# 
#  
# Driving inputs at time 11020 Test ID 30: data_in = 111 | address = 13 | write_en = 1 | read_en = 0
# ram_pkg.monitor.run Test ID: 29 Monitor Putting dut out: z into mailbox at time 11020
# Writing in to RAM
# Test PASSED : ref = z | dut = z
# ram_pkg.scoreboard.run Got data_in = 111 | address = 13 | write_en = 1 | read_en = 0
# Writing into the reference
# 
#  
# Driving inputs at time 11100 Test ID 31: data_in = 229 | address = 6 | write_en = 1 | read_en = 0
# ram_pkg.monitor.run Test ID: 30 Monitor Putting dut out: z into mailbox at time 11100
# Writing in to RAM
# Test PASSED : ref = z | dut = z
# ram_pkg.scoreboard.run Got data_in = 229 | address = 6 | write_en = 1 | read_en = 0
# Writing into the reference
# 
#  
# Driving inputs at time 11180 Test ID 32: data_in = 23 | address = 15 | write_en = 1 | read_en = 0
# ram_pkg.monitor.run Test ID: 31 Monitor Putting dut out: z into mailbox at time 11180
# Writing in to RAM
# Test PASSED : ref = z | dut = z
# ram_pkg.scoreboard.run Got data_in = 23 | address = 15 | write_en = 1 | read_en = 0
# Writing into the reference
# 
#  
# Driving inputs at time 11260 Test ID 33: data_in = 214 | address = 30 | write_en = 1 | read_en = 0
# ram_pkg.monitor.run Test ID: 32 Monitor Putting dut out: z into mailbox at time 11260
# Writing in to RAM
# Test PASSED : ref = z | dut = z
# ram_pkg.scoreboard.run Got data_in = 214 | address = 30 | write_en = 1 | read_en = 0
# Writing into the reference
# 
#  
# Driving inputs at time 11340 Test ID 34: data_in = 115 | address = 1 | write_en = 1 | read_en = 0
# ram_pkg.monitor.run Test ID: 33 Monitor Putting dut out: z into mailbox at time 11340
# Writing in to RAM
# Test PASSED : ref = z | dut = z
# ram_pkg.scoreboard.run Got data_in = 115 | address = 1 | write_en = 1 | read_en = 0
# Writing into the reference
# 
#  
# Driving inputs at time 11420 Test ID 35: data_in = 11 | address = 12 | write_en = 1 | read_en = 0
# ram_pkg.monitor.run Test ID: 34 Monitor Putting dut out: z into mailbox at time 11420
# Writing in to RAM
# Test PASSED : ref = z | dut = z
# ram_pkg.scoreboard.run Got data_in = 11 | address = 12 | write_en = 1 | read_en = 0
# Writing into the reference
# 
#  
# Driving inputs at time 11500 Test ID 36: data_in = 144 | address = 24 | write_en = 1 | read_en = 0
# ram_pkg.monitor.run Test ID: 35 Monitor Putting dut out: z into mailbox at time 11500
# Writing in to RAM
# Test PASSED : ref = z | dut = z
# ram_pkg.scoreboard.run Got data_in = 144 | address = 24 | write_en = 1 | read_en = 0
# Writing into the reference
# 
#  
# Driving inputs at time 11580 Test ID 37: data_in = 45 | address = 10 | write_en = 1 | read_en = 0
# ram_pkg.monitor.run Test ID: 36 Monitor Putting dut out: z into mailbox at time 11580
# Writing in to RAM
# Test PASSED : ref = z | dut = z
# ram_pkg.scoreboard.run Got data_in = 45 | address = 10 | write_en = 1 | read_en = 0
# Writing into the reference
# 
#  
# Driving inputs at time 11660 Test ID 38: data_in = 66 | address = 8 | write_en = 1 | read_en = 0
# ram_pkg.monitor.run Test ID: 37 Monitor Putting dut out: z into mailbox at time 11660
# Writing in to RAM
# Test PASSED : ref = z | dut = z
# ram_pkg.scoreboard.run Got data_in = 66 | address = 8 | write_en = 1 | read_en = 0
# Writing into the reference
# 
#  
# Driving inputs at time 11740 Test ID 39: data_in = 80 | address = 4 | write_en = 1 | read_en = 0
# ram_pkg.monitor.run Test ID: 38 Monitor Putting dut out: z into mailbox at time 11740
# Writing in to RAM
# Test PASSED : ref = z | dut = z
# ram_pkg.scoreboard.run Got data_in = 80 | address = 4 | write_en = 1 | read_en = 0
# Writing into the reference
# 
#  
# Driving inputs at time 11820 Test ID 40: data_in = 84 | address = 9 | write_en = 1 | read_en = 0
# ram_pkg.monitor.run Test ID: 39 Monitor Putting dut out: z into mailbox at time 11820
# Writing in to RAM
# Test PASSED : ref = z | dut = z
# ram_pkg.scoreboard.run Got data_in = 84 | address = 9 | write_en = 1 | read_en = 0
# Writing into the reference
# 
#  
# Driving inputs at time 11900 Test ID 41: data_in = 108 | address = 3 | write_en = 1 | read_en = 0
# ram_pkg.monitor.run Test ID: 40 Monitor Putting dut out: z into mailbox at time 11900
# Writing in to RAM
# Test PASSED : ref = z | dut = z
# ram_pkg.scoreboard.run Got data_in = 108 | address = 3 | write_en = 1 | read_en = 0
# Writing into the reference
# 
#  
# Driving inputs at time 11980 Test ID 42: data_in = 53 | address = 11 | write_en = 1 | read_en = 0
# ram_pkg.monitor.run Test ID: 41 Monitor Putting dut out: z into mailbox at time 11980
# Writing in to RAM
# Test PASSED : ref = z | dut = z
# ram_pkg.scoreboard.run Got data_in = 53 | address = 11 | write_en = 1 | read_en = 0
# Writing into the reference
# 
#  
# Driving inputs at time 12060 Test ID 43: data_in = 87 | address = 22 | write_en = 1 | read_en = 0
# ram_pkg.monitor.run Test ID: 42 Monitor Putting dut out: z into mailbox at time 12060
# Writing in to RAM
# Test PASSED : ref = z | dut = z
# ram_pkg.scoreboard.run Got data_in = 87 | address = 22 | write_en = 1 | read_en = 0
# Writing into the reference
# 
#  
# Driving inputs at time 12140 Test ID 44: data_in = 252 | address = 15 | write_en = 1 | read_en = 0
# ram_pkg.monitor.run Test ID: 43 Monitor Putting dut out: z into mailbox at time 12140
# Writing in to RAM
# Test PASSED : ref = z | dut = z
# ram_pkg.scoreboard.run Got data_in = 252 | address = 15 | write_en = 1 | read_en = 0
# Writing into the reference
# 
#  
# Driving inputs at time 12220 Test ID 45: data_in = 177 | address = 27 | write_en = 1 | read_en = 0
# ram_pkg.monitor.run Test ID: 44 Monitor Putting dut out: z into mailbox at time 12220
# Writing in to RAM
# Test PASSED : ref = z | dut = z
# ram_pkg.scoreboard.run Got data_in = 177 | address = 27 | write_en = 1 | read_en = 0
# Writing into the reference
# 
#  
# Driving inputs at time 12300 Test ID 46: data_in = 46 | address = 30 | write_en = 1 | read_en = 0
# ram_pkg.monitor.run Test ID: 45 Monitor Putting dut out: z into mailbox at time 12300
# Writing in to RAM
# Test PASSED : ref = z | dut = z
# ram_pkg.scoreboard.run Got data_in = 46 | address = 30 | write_en = 1 | read_en = 0
# Writing into the reference
# 
#  
# Driving inputs at time 12380 Test ID 47: data_in = 72 | address = 15 | write_en = 1 | read_en = 0
# ram_pkg.monitor.run Test ID: 46 Monitor Putting dut out: z into mailbox at time 12380
# Writing in to RAM
# Test PASSED : ref = z | dut = z
# ram_pkg.scoreboard.run Got data_in = 72 | address = 15 | write_en = 1 | read_en = 0
# Writing into the reference
# 
#  
# Driving inputs at time 12460 Test ID 48: data_in = 176 | address = 12 | write_en = 1 | read_en = 0
# ram_pkg.monitor.run Test ID: 47 Monitor Putting dut out: z into mailbox at time 12460
# Writing in to RAM
# Test PASSED : ref = z | dut = z
# ram_pkg.scoreboard.run Got data_in = 176 | address = 12 | write_en = 1 | read_en = 0
# Writing into the reference
# 
#  
# Driving inputs at time 12540 Test ID 49: data_in = 180 | address = 30 | write_en = 1 | read_en = 0
# ram_pkg.monitor.run Test ID: 48 Monitor Putting dut out: z into mailbox at time 12540
# Writing in to RAM
# Test PASSED : ref = z | dut = z
# ram_pkg.scoreboard.run Got data_in = 180 | address = 30 | write_en = 1 | read_en = 0
# Writing into the reference
# 
#  
# Driving inputs at time 12620 Test ID 50: data_in = 220 | address = 25 | write_en = 1 | read_en = 0
# ram_pkg.monitor.run Test ID: 49 Monitor Putting dut out: z into mailbox at time 12620
# Writing in to RAM
# Test PASSED : ref = z | dut = z
# ram_pkg.scoreboard.run Got data_in = 220 | address = 25 | write_en = 1 | read_en = 0
# Writing into the reference
# ram_pkg.monitor.run Test ID: 50 Monitor Putting dut out: z into mailbox at time 12700
# Writing in to RAM
# Test PASSED : ref = z | dut = z
# Total cases = 300 | Passed = 149 | Failed = 1
# Only Read Test Cases
# 
#  
# Driving inputs at time 12860 Test ID 0: data_in = 0 | address = 16 | write_en = 0 | read_en = 1
# ram_pkg.scoreboard.run Got data_in = 0 | address = 16 | write_en = 0 | read_en = 1
# Reading from the reference
# 
#  
# Driving inputs at time 12940 Test ID 1: data_in = 0 | address = 24 | write_en = 0 | read_en = 1
# ram_pkg.monitor.run Test ID: 0 Monitor Putting dut out: 184 into mailbox at time 12940
# Test PASSED : ref = 184 | dut = 184
# ram_pkg.scoreboard.run Got data_in = 0 | address = 24 | write_en = 0 | read_en = 1
# Reading from the reference
# 
#  
# Driving inputs at time 13020 Test ID 2: data_in = 0 | address = 10 | write_en = 0 | read_en = 1
# ram_pkg.monitor.run Test ID: 1 Monitor Putting dut out: 144 into mailbox at time 13020
# Test PASSED : ref = 144 | dut = 144
# ram_pkg.scoreboard.run Got data_in = 0 | address = 10 | write_en = 0 | read_en = 1
# Reading from the reference
# 
#  
# Driving inputs at time 13100 Test ID 3: data_in = 0 | address = 6 | write_en = 0 | read_en = 1
# ram_pkg.monitor.run Test ID: 2 Monitor Putting dut out: 45 into mailbox at time 13100
# Test PASSED : ref = 45 | dut = 45
# ram_pkg.scoreboard.run Got data_in = 0 | address = 6 | write_en = 0 | read_en = 1
# Reading from the reference
# 
#  
# Driving inputs at time 13180 Test ID 4: data_in = 0 | address = 5 | write_en = 0 | read_en = 1
# ram_pkg.monitor.run Test ID: 3 Monitor Putting dut out: 229 into mailbox at time 13180
# Test PASSED : ref = 229 | dut = 229
# ram_pkg.scoreboard.run Got data_in = 0 | address = 5 | write_en = 0 | read_en = 1
# Reading from the reference
# 
#  
# Driving inputs at time 13260 Test ID 5: data_in = 0 | address = 29 | write_en = 0 | read_en = 1
# ram_pkg.monitor.run Test ID: 4 Monitor Putting dut out: 0 into mailbox at time 13260
# Test PASSED : ref = 0 | dut = 0
# ram_pkg.scoreboard.run Got data_in = 0 | address = 29 | write_en = 0 | read_en = 1
# Reading from the reference
# 
#  
# Driving inputs at time 13340 Test ID 6: data_in = 0 | address = 30 | write_en = 0 | read_en = 1
# ram_pkg.monitor.run Test ID: 5 Monitor Putting dut out: 0 into mailbox at time 13340
# Test PASSED : ref = 0 | dut = 0
# ram_pkg.scoreboard.run Got data_in = 0 | address = 30 | write_en = 0 | read_en = 1
# Reading from the reference
# 
#  
# Driving inputs at time 13420 Test ID 7: data_in = 0 | address = 3 | write_en = 0 | read_en = 1
# ram_pkg.monitor.run Test ID: 6 Monitor Putting dut out: 180 into mailbox at time 13420
# Test PASSED : ref = 180 | dut = 180
# ram_pkg.scoreboard.run Got data_in = 0 | address = 3 | write_en = 0 | read_en = 1
# Reading from the reference
# 
#  
# Driving inputs at time 13500 Test ID 8: data_in = 0 | address = 18 | write_en = 0 | read_en = 1
# ram_pkg.monitor.run Test ID: 7 Monitor Putting dut out: 108 into mailbox at time 13500
# Test PASSED : ref = 108 | dut = 108
# ram_pkg.scoreboard.run Got data_in = 0 | address = 18 | write_en = 0 | read_en = 1
# Reading from the reference
# 
#  
# Driving inputs at time 13580 Test ID 9: data_in = 0 | address = 31 | write_en = 0 | read_en = 1
# ram_pkg.monitor.run Test ID: 8 Monitor Putting dut out: 0 into mailbox at time 13580
# Test PASSED : ref = 0 | dut = 0
# ram_pkg.scoreboard.run Got data_in = 0 | address = 31 | write_en = 0 | read_en = 1
# Reading from the reference
# 
#  
# Driving inputs at time 13660 Test ID 10: data_in = 0 | address = 4 | write_en = 0 | read_en = 1
# ram_pkg.monitor.run Test ID: 9 Monitor Putting dut out: 15 into mailbox at time 13660
# Test PASSED : ref = 15 | dut = 15
# ram_pkg.scoreboard.run Got data_in = 0 | address = 4 | write_en = 0 | read_en = 1
# Reading from the reference
# 
#  
# Driving inputs at time 13740 Test ID 11: data_in = 0 | address = 26 | write_en = 0 | read_en = 1
# ram_pkg.monitor.run Test ID: 10 Monitor Putting dut out: 80 into mailbox at time 13740
# Test PASSED : ref = 80 | dut = 80
# ram_pkg.scoreboard.run Got data_in = 0 | address = 26 | write_en = 0 | read_en = 1
# Reading from the reference
# 
#  
# Driving inputs at time 13820 Test ID 12: data_in = 0 | address = 12 | write_en = 0 | read_en = 1
# ram_pkg.monitor.run Test ID: 11 Monitor Putting dut out: 0 into mailbox at time 13820
# Test PASSED : ref = 0 | dut = 0
# ram_pkg.scoreboard.run Got data_in = 0 | address = 12 | write_en = 0 | read_en = 1
# Reading from the reference
# 
#  
# Driving inputs at time 13900 Test ID 13: data_in = 0 | address = 26 | write_en = 0 | read_en = 1
# ram_pkg.monitor.run Test ID: 12 Monitor Putting dut out: 176 into mailbox at time 13900
# Test PASSED : ref = 176 | dut = 176
# ram_pkg.scoreboard.run Got data_in = 0 | address = 26 | write_en = 0 | read_en = 1
# Reading from the reference
# 
#  
# Driving inputs at time 13980 Test ID 14: data_in = 0 | address = 11 | write_en = 0 | read_en = 1
# ram_pkg.monitor.run Test ID: 13 Monitor Putting dut out: 0 into mailbox at time 13980
# Test PASSED : ref = 0 | dut = 0
# ram_pkg.scoreboard.run Got data_in = 0 | address = 11 | write_en = 0 | read_en = 1
# Reading from the reference
# 
#  
# Driving inputs at time 14060 Test ID 15: data_in = 0 | address = 13 | write_en = 0 | read_en = 1
# ram_pkg.monitor.run Test ID: 14 Monitor Putting dut out: 53 into mailbox at time 14060
# Test PASSED : ref = 53 | dut = 53
# ram_pkg.scoreboard.run Got data_in = 0 | address = 13 | write_en = 0 | read_en = 1
# Reading from the reference
# 
#  
# Driving inputs at time 14140 Test ID 16: data_in = 0 | address = 28 | write_en = 0 | read_en = 1
# ram_pkg.monitor.run Test ID: 15 Monitor Putting dut out: 111 into mailbox at time 14140
# Test PASSED : ref = 111 | dut = 111
# ram_pkg.scoreboard.run Got data_in = 0 | address = 28 | write_en = 0 | read_en = 1
# Reading from the reference
# 
#  
# Driving inputs at time 14220 Test ID 17: data_in = 0 | address = 5 | write_en = 0 | read_en = 1
# ram_pkg.monitor.run Test ID: 16 Monitor Putting dut out: 44 into mailbox at time 14220
# Test PASSED : ref = 44 | dut = 44
# ram_pkg.scoreboard.run Got data_in = 0 | address = 5 | write_en = 0 | read_en = 1
# Reading from the reference
# 
#  
# Driving inputs at time 14300 Test ID 18: data_in = 0 | address = 23 | write_en = 0 | read_en = 1
# ram_pkg.monitor.run Test ID: 17 Monitor Putting dut out: 0 into mailbox at time 14300
# Test PASSED : ref = 0 | dut = 0
# ram_pkg.scoreboard.run Got data_in = 0 | address = 23 | write_en = 0 | read_en = 1
# Reading from the reference
# 
#  
# Driving inputs at time 14380 Test ID 19: data_in = 0 | address = 9 | write_en = 0 | read_en = 1
# ram_pkg.monitor.run Test ID: 18 Monitor Putting dut out: 140 into mailbox at time 14380
# Test PASSED : ref = 140 | dut = 140
# ram_pkg.scoreboard.run Got data_in = 0 | address = 9 | write_en = 0 | read_en = 1
# Reading from the reference
# 
#  
# Driving inputs at time 14460 Test ID 20: data_in = 0 | address = 0 | write_en = 0 | read_en = 1
# ram_pkg.monitor.run Test ID: 19 Monitor Putting dut out: 84 into mailbox at time 14460
# Test PASSED : ref = 84 | dut = 84
# ram_pkg.scoreboard.run Got data_in = 0 | address = 0 | write_en = 0 | read_en = 1
# Reading from the reference
# 
#  
# Driving inputs at time 14540 Test ID 21: data_in = 0 | address = 23 | write_en = 0 | read_en = 1
# ram_pkg.monitor.run Test ID: 20 Monitor Putting dut out: 195 into mailbox at time 14540
# Test PASSED : ref = 195 | dut = 195
# ram_pkg.scoreboard.run Got data_in = 0 | address = 23 | write_en = 0 | read_en = 1
# Reading from the reference
# 
#  
# Driving inputs at time 14620 Test ID 22: data_in = 0 | address = 19 | write_en = 0 | read_en = 1
# ram_pkg.monitor.run Test ID: 21 Monitor Putting dut out: 140 into mailbox at time 14620
# Test PASSED : ref = 140 | dut = 140
# ram_pkg.scoreboard.run Got data_in = 0 | address = 19 | write_en = 0 | read_en = 1
# Reading from the reference
# 
#  
# Driving inputs at time 14700 Test ID 23: data_in = 0 | address = 16 | write_en = 0 | read_en = 1
# ram_pkg.monitor.run Test ID: 22 Monitor Putting dut out: 163 into mailbox at time 14700
# Test PASSED : ref = 163 | dut = 163
# ram_pkg.scoreboard.run Got data_in = 0 | address = 16 | write_en = 0 | read_en = 1
# Reading from the reference
# 
#  
# Driving inputs at time 14780 Test ID 24: data_in = 0 | address = 5 | write_en = 0 | read_en = 1
# ram_pkg.monitor.run Test ID: 23 Monitor Putting dut out: 184 into mailbox at time 14780
# Test PASSED : ref = 184 | dut = 184
# ram_pkg.scoreboard.run Got data_in = 0 | address = 5 | write_en = 0 | read_en = 1
# Reading from the reference
# 
#  
# Driving inputs at time 14860 Test ID 25: data_in = 0 | address = 4 | write_en = 0 | read_en = 1
# ram_pkg.monitor.run Test ID: 24 Monitor Putting dut out: 0 into mailbox at time 14860
# Test PASSED : ref = 0 | dut = 0
# ram_pkg.scoreboard.run Got data_in = 0 | address = 4 | write_en = 0 | read_en = 1
# Reading from the reference
# 
#  
# Driving inputs at time 14940 Test ID 26: data_in = 0 | address = 11 | write_en = 0 | read_en = 1
# ram_pkg.monitor.run Test ID: 25 Monitor Putting dut out: 80 into mailbox at time 14940
# Test PASSED : ref = 80 | dut = 80
# ram_pkg.scoreboard.run Got data_in = 0 | address = 11 | write_en = 0 | read_en = 1
# Reading from the reference
# 
#  
# Driving inputs at time 15020 Test ID 27: data_in = 0 | address = 27 | write_en = 0 | read_en = 1
# ram_pkg.monitor.run Test ID: 26 Monitor Putting dut out: 53 into mailbox at time 15020
# Test PASSED : ref = 53 | dut = 53
# ram_pkg.scoreboard.run Got data_in = 0 | address = 27 | write_en = 0 | read_en = 1
# Reading from the reference
# 
#  
# Driving inputs at time 15100 Test ID 28: data_in = 0 | address = 0 | write_en = 0 | read_en = 1
# ram_pkg.monitor.run Test ID: 27 Monitor Putting dut out: 177 into mailbox at time 15100
# Test PASSED : ref = 177 | dut = 177
# ram_pkg.scoreboard.run Got data_in = 0 | address = 0 | write_en = 0 | read_en = 1
# Reading from the reference
# 
#  
# Driving inputs at time 15180 Test ID 29: data_in = 0 | address = 5 | write_en = 0 | read_en = 1
# ram_pkg.monitor.run Test ID: 28 Monitor Putting dut out: 195 into mailbox at time 15180
# Test PASSED : ref = 195 | dut = 195
# ram_pkg.scoreboard.run Got data_in = 0 | address = 5 | write_en = 0 | read_en = 1
# Reading from the reference
# 
#  
# Driving inputs at time 15260 Test ID 30: data_in = 0 | address = 10 | write_en = 0 | read_en = 1
# ram_pkg.monitor.run Test ID: 29 Monitor Putting dut out: 0 into mailbox at time 15260
# Test PASSED : ref = 0 | dut = 0
# ram_pkg.scoreboard.run Got data_in = 0 | address = 10 | write_en = 0 | read_en = 1
# Reading from the reference
# 
#  
# Driving inputs at time 15340 Test ID 31: data_in = 0 | address = 21 | write_en = 0 | read_en = 1
# ram_pkg.monitor.run Test ID: 30 Monitor Putting dut out: 45 into mailbox at time 15340
# Test PASSED : ref = 45 | dut = 45
# ram_pkg.scoreboard.run Got data_in = 0 | address = 21 | write_en = 0 | read_en = 1
# Reading from the reference
# 
#  
# Driving inputs at time 15420 Test ID 32: data_in = 0 | address = 1 | write_en = 0 | read_en = 1
# ram_pkg.monitor.run Test ID: 31 Monitor Putting dut out: 99 into mailbox at time 15420
# Test PASSED : ref = 99 | dut = 99
# ram_pkg.scoreboard.run Got data_in = 0 | address = 1 | write_en = 0 | read_en = 1
# Reading from the reference
# 
#  
# Driving inputs at time 15500 Test ID 33: data_in = 0 | address = 25 | write_en = 0 | read_en = 1
# ram_pkg.monitor.run Test ID: 32 Monitor Putting dut out: 115 into mailbox at time 15500
# Test PASSED : ref = 115 | dut = 115
# ram_pkg.scoreboard.run Got data_in = 0 | address = 25 | write_en = 0 | read_en = 1
# Reading from the reference
# 
#  
# Driving inputs at time 15580 Test ID 34: data_in = 0 | address = 27 | write_en = 0 | read_en = 1
# ram_pkg.monitor.run Test ID: 33 Monitor Putting dut out: 220 into mailbox at time 15580
# Test PASSED : ref = 220 | dut = 220
# ram_pkg.scoreboard.run Got data_in = 0 | address = 27 | write_en = 0 | read_en = 1
# Reading from the reference
# 
#  
# Driving inputs at time 15660 Test ID 35: data_in = 0 | address = 16 | write_en = 0 | read_en = 1
# ram_pkg.monitor.run Test ID: 34 Monitor Putting dut out: 177 into mailbox at time 15660
# Test PASSED : ref = 177 | dut = 177
# ram_pkg.scoreboard.run Got data_in = 0 | address = 16 | write_en = 0 | read_en = 1
# Reading from the reference
# 
#  
# Driving inputs at time 15740 Test ID 36: data_in = 0 | address = 10 | write_en = 0 | read_en = 1
# ram_pkg.monitor.run Test ID: 35 Monitor Putting dut out: 184 into mailbox at time 15740
# Test PASSED : ref = 184 | dut = 184
# ram_pkg.scoreboard.run Got data_in = 0 | address = 10 | write_en = 0 | read_en = 1
# Reading from the reference
# 
#  
# Driving inputs at time 15820 Test ID 37: data_in = 0 | address = 19 | write_en = 0 | read_en = 1
# ram_pkg.monitor.run Test ID: 36 Monitor Putting dut out: 45 into mailbox at time 15820
# Test PASSED : ref = 45 | dut = 45
# ram_pkg.scoreboard.run Got data_in = 0 | address = 19 | write_en = 0 | read_en = 1
# Reading from the reference
# 
#  
# Driving inputs at time 15900 Test ID 38: data_in = 0 | address = 21 | write_en = 0 | read_en = 1
# ram_pkg.monitor.run Test ID: 37 Monitor Putting dut out: 163 into mailbox at time 15900
# Test PASSED : ref = 163 | dut = 163
# ram_pkg.scoreboard.run Got data_in = 0 | address = 21 | write_en = 0 | read_en = 1
# Reading from the reference
# 
#  
# Driving inputs at time 15980 Test ID 39: data_in = 0 | address = 18 | write_en = 0 | read_en = 1
# ram_pkg.monitor.run Test ID: 38 Monitor Putting dut out: 99 into mailbox at time 15980
# Test PASSED : ref = 99 | dut = 99
# ram_pkg.scoreboard.run Got data_in = 0 | address = 18 | write_en = 0 | read_en = 1
# Reading from the reference
# 
#  
# Driving inputs at time 16060 Test ID 40: data_in = 0 | address = 13 | write_en = 0 | read_en = 1
# ram_pkg.monitor.run Test ID: 39 Monitor Putting dut out: 0 into mailbox at time 16060
# Test PASSED : ref = 0 | dut = 0
# ram_pkg.scoreboard.run Got data_in = 0 | address = 13 | write_en = 0 | read_en = 1
# Reading from the reference
# 
#  
# Driving inputs at time 16140 Test ID 41: data_in = 0 | address = 21 | write_en = 0 | read_en = 1
# ram_pkg.monitor.run Test ID: 40 Monitor Putting dut out: 111 into mailbox at time 16140
# Test PASSED : ref = 111 | dut = 111
# ram_pkg.scoreboard.run Got data_in = 0 | address = 21 | write_en = 0 | read_en = 1
# Reading from the reference
# 
#  
# Driving inputs at time 16220 Test ID 42: data_in = 0 | address = 0 | write_en = 0 | read_en = 1
# ram_pkg.monitor.run Test ID: 41 Monitor Putting dut out: 99 into mailbox at time 16220
# Test PASSED : ref = 99 | dut = 99
# ram_pkg.scoreboard.run Got data_in = 0 | address = 0 | write_en = 0 | read_en = 1
# Reading from the reference
# 
#  
# Driving inputs at time 16300 Test ID 43: data_in = 0 | address = 18 | write_en = 0 | read_en = 1
# ram_pkg.monitor.run Test ID: 42 Monitor Putting dut out: 195 into mailbox at time 16300
# Test PASSED : ref = 195 | dut = 195
# ram_pkg.scoreboard.run Got data_in = 0 | address = 18 | write_en = 0 | read_en = 1
# Reading from the reference
# 
#  
# Driving inputs at time 16380 Test ID 44: data_in = 0 | address = 20 | write_en = 0 | read_en = 1
# ram_pkg.monitor.run Test ID: 43 Monitor Putting dut out: 0 into mailbox at time 16380
# Test PASSED : ref = 0 | dut = 0
# ram_pkg.scoreboard.run Got data_in = 0 | address = 20 | write_en = 0 | read_en = 1
# Reading from the reference
# 
#  
# Driving inputs at time 16460 Test ID 45: data_in = 0 | address = 27 | write_en = 0 | read_en = 1
# ram_pkg.monitor.run Test ID: 44 Monitor Putting dut out: 61 into mailbox at time 16460
# Test PASSED : ref = 61 | dut = 61
# ram_pkg.scoreboard.run Got data_in = 0 | address = 27 | write_en = 0 | read_en = 1
# Reading from the reference
# 
#  
# Driving inputs at time 16540 Test ID 46: data_in = 0 | address = 13 | write_en = 0 | read_en = 1
# ram_pkg.monitor.run Test ID: 45 Monitor Putting dut out: 177 into mailbox at time 16540
# Test PASSED : ref = 177 | dut = 177
# ram_pkg.scoreboard.run Got data_in = 0 | address = 13 | write_en = 0 | read_en = 1
# Reading from the reference
# 
#  
# Driving inputs at time 16620 Test ID 47: data_in = 0 | address = 23 | write_en = 0 | read_en = 1
# ram_pkg.monitor.run Test ID: 46 Monitor Putting dut out: 111 into mailbox at time 16620
# Test PASSED : ref = 111 | dut = 111
# ram_pkg.scoreboard.run Got data_in = 0 | address = 23 | write_en = 0 | read_en = 1
# Reading from the reference
# 
#  
# Driving inputs at time 16700 Test ID 48: data_in = 0 | address = 14 | write_en = 0 | read_en = 1
# ram_pkg.monitor.run Test ID: 47 Monitor Putting dut out: 140 into mailbox at time 16700
# Test PASSED : ref = 140 | dut = 140
# ram_pkg.scoreboard.run Got data_in = 0 | address = 14 | write_en = 0 | read_en = 1
# Reading from the reference
# 
#  
# Driving inputs at time 16780 Test ID 49: data_in = 0 | address = 16 | write_en = 0 | read_en = 1
# ram_pkg.monitor.run Test ID: 48 Monitor Putting dut out: 203 into mailbox at time 16780
# Test PASSED : ref = 203 | dut = 203
# ram_pkg.scoreboard.run Got data_in = 0 | address = 16 | write_en = 0 | read_en = 1
# Reading from the reference
# 
#  
# Driving inputs at time 16860 Test ID 50: data_in = 0 | address = 30 | write_en = 0 | read_en = 1
# ram_pkg.monitor.run Test ID: 49 Monitor Putting dut out: 184 into mailbox at time 16860
# Test PASSED : ref = 184 | dut = 184
# ram_pkg.scoreboard.run Got data_in = 0 | address = 30 | write_en = 0 | read_en = 1
# Reading from the reference
# ram_pkg.monitor.run Test ID: 50 Monitor Putting dut out: 180 into mailbox at time 16940
# Test PASSED : ref = 180 | dut = 180
# Total cases = 402 | Passed = 200 | Failed = 1
# 
#  
#  
# Running Regressions
#  
# 
# 
#  
# Driving inputs during reset at time 17140 Test ID: 0: data_in = 64 | address = 16 | write_en = 1 | read_en = 1
# ram_pkg.scoreboard.run Got data_in = 64 | address = 16 | write_en = 1 | read_en = 1
# ram_pkg.monitor.run Test ID: 0 Monitor Putting dut out: z into mailbox at time 17180
# Reset Asserted
# Invalid Operation
# Reset Asserted
# Reset Deasserted at time 17220
# 
#  
# Driving inputs during reset at time 17220 Test ID: 1: data_in = 33 | address = 10 | write_en = 1 | read_en = 1
# ram_pkg.scoreboard.run Got data_in = 33 | address = 10 | write_en = 1 | read_en = 1
# 
#  
# Driving inputs at time 17260 Test ID 2: data_in = 171 | address = 11 | write_en = 1 | read_en = 0
# ram_pkg.monitor.run Test ID: 1 Monitor Putting dut out: z into mailbox at time 17260
# Invalid Operation
# ram_pkg.scoreboard.run Got data_in = 171 | address = 11 | write_en = 1 | read_en = 0
# Writing into the reference
# 
#  
# Driving inputs at time 17340 Test ID 3: data_in = 194 | address = 6 | write_en = 0 | read_en = 1
# ram_pkg.monitor.run Test ID: 2 Monitor Putting dut out: z into mailbox at time 17340
# Writing in to RAM
# Test PASSED : ref = z | dut = z
# ram_pkg.scoreboard.run Got data_in = 194 | address = 6 | write_en = 0 | read_en = 1
# Reading from the reference
# 
#  
# Driving inputs at time 17420 Test ID 4: data_in = 11 | address = 25 | write_en = 0 | read_en = 1
# ram_pkg.monitor.run Test ID: 3 Monitor Putting dut out: 0 into mailbox at time 17420
# Test PASSED : ref = 0 | dut = 0
# ram_pkg.scoreboard.run Got data_in = 11 | address = 25 | write_en = 0 | read_en = 1
# Reading from the reference
# 
#  
# Driving inputs at time 17500 Test ID 5: data_in = 110 | address = 18 | write_en = 1 | read_en = 0
# ram_pkg.monitor.run Test ID: 4 Monitor Putting dut out: 0 into mailbox at time 17500
# Test PASSED : ref = 0 | dut = 0
# ram_pkg.scoreboard.run Got data_in = 110 | address = 18 | write_en = 1 | read_en = 0
# Writing into the reference
# 
#  
# Driving inputs at time 17580 Test ID 6: data_in = 139 | address = 25 | write_en = 1 | read_en = 1
# ram_pkg.monitor.run Test ID: 5 Monitor Putting dut out: z into mailbox at time 17580
# Writing in to RAM
# Test PASSED : ref = z | dut = z
# ram_pkg.scoreboard.run Got data_in = 139 | address = 25 | write_en = 1 | read_en = 1
# 
#  
# Driving inputs at time 17660 Test ID 7: data_in = 146 | address = 25 | write_en = 1 | read_en = 0
# ram_pkg.monitor.run Test ID: 6 Monitor Putting dut out: z into mailbox at time 17660
# Invalid Operation
# ram_pkg.scoreboard.run Got data_in = 146 | address = 25 | write_en = 1 | read_en = 0
# Writing into the reference
# 
#  
# Driving inputs at time 17740 Test ID 8: data_in = 3 | address = 17 | write_en = 0 | read_en = 1
# ram_pkg.monitor.run Test ID: 7 Monitor Putting dut out: z into mailbox at time 17740
# Writing in to RAM
# Test PASSED : ref = z | dut = z
# ram_pkg.scoreboard.run Got data_in = 3 | address = 17 | write_en = 0 | read_en = 1
# Reading from the reference
# 
#  
# Driving inputs at time 17820 Test ID 9: data_in = 197 | address = 16 | write_en = 1 | read_en = 0
# ram_pkg.monitor.run Test ID: 8 Monitor Putting dut out: 0 into mailbox at time 17820
# Test PASSED : ref = 0 | dut = 0
# ram_pkg.scoreboard.run Got data_in = 197 | address = 16 | write_en = 1 | read_en = 0
# Writing into the reference
# 
#  
# Driving inputs at time 17900 Test ID 10: data_in = 137 | address = 25 | write_en = 0 | read_en = 1
# ram_pkg.monitor.run Test ID: 9 Monitor Putting dut out: z into mailbox at time 17900
# Writing in to RAM
# Test PASSED : ref = z | dut = z
# ram_pkg.scoreboard.run Got data_in = 137 | address = 25 | write_en = 0 | read_en = 1
# Reading from the reference
# 
#  
# Driving inputs at time 17980 Test ID 11: data_in = 156 | address = 18 | write_en = 0 | read_en = 1
# ram_pkg.monitor.run Test ID: 10 Monitor Putting dut out: 146 into mailbox at time 17980
# Test PASSED : ref = 146 | dut = 146
# ram_pkg.scoreboard.run Got data_in = 156 | address = 18 | write_en = 0 | read_en = 1
# Reading from the reference
# 
#  
# Driving inputs at time 18060 Test ID 12: data_in = 27 | address = 14 | write_en = 0 | read_en = 0
# ram_pkg.monitor.run Test ID: 11 Monitor Putting dut out: 110 into mailbox at time 18060
# Test PASSED : ref = 110 | dut = 110
# ram_pkg.scoreboard.run Got data_in = 27 | address = 14 | write_en = 0 | read_en = 0
# 
#  
# Driving inputs at time 18140 Test ID 13: data_in = 39 | address = 7 | write_en = 0 | read_en = 1
# ram_pkg.monitor.run Test ID: 12 Monitor Putting dut out: z into mailbox at time 18140
# No operation
# ram_pkg.scoreboard.run Got data_in = 39 | address = 7 | write_en = 0 | read_en = 1
# Reading from the reference
# 
#  
# Driving inputs at time 18220 Test ID 14: data_in = 239 | address = 5 | write_en = 0 | read_en = 1
# ram_pkg.monitor.run Test ID: 13 Monitor Putting dut out: 0 into mailbox at time 18220
# Test PASSED : ref = 0 | dut = 0
# ram_pkg.scoreboard.run Got data_in = 239 | address = 5 | write_en = 0 | read_en = 1
# Reading from the reference
# 
#  
# Driving inputs at time 18300 Test ID 15: data_in = 78 | address = 8 | write_en = 0 | read_en = 1
# ram_pkg.monitor.run Test ID: 14 Monitor Putting dut out: 0 into mailbox at time 18300
# Test PASSED : ref = 0 | dut = 0
# ram_pkg.scoreboard.run Got data_in = 78 | address = 8 | write_en = 0 | read_en = 1
# Reading from the reference
# 
#  
# Driving inputs at time 18380 Test ID 16: data_in = 71 | address = 2 | write_en = 0 | read_en = 1
# ram_pkg.monitor.run Test ID: 15 Monitor Putting dut out: 0 into mailbox at time 18380
# Test PASSED : ref = 0 | dut = 0
# ram_pkg.scoreboard.run Got data_in = 71 | address = 2 | write_en = 0 | read_en = 1
# Reading from the reference
# 
#  
# Driving inputs at time 18460 Test ID 17: data_in = 245 | address = 3 | write_en = 1 | read_en = 1
# ram_pkg.monitor.run Test ID: 16 Monitor Putting dut out: 0 into mailbox at time 18460
# Test PASSED : ref = 0 | dut = 0
# ram_pkg.scoreboard.run Got data_in = 245 | address = 3 | write_en = 1 | read_en = 1
# 
#  
# Driving inputs at time 18540 Test ID 18: data_in = 224 | address = 3 | write_en = 0 | read_en = 1
# ram_pkg.monitor.run Test ID: 17 Monitor Putting dut out: z into mailbox at time 18540
# Invalid Operation
# ram_pkg.scoreboard.run Got data_in = 224 | address = 3 | write_en = 0 | read_en = 1
# Reading from the reference
# 
#  
# Driving inputs at time 18620 Test ID 19: data_in = 15 | address = 1 | write_en = 1 | read_en = 0
# ram_pkg.monitor.run Test ID: 18 Monitor Putting dut out: 0 into mailbox at time 18620
# Test PASSED : ref = 0 | dut = 0
# ram_pkg.scoreboard.run Got data_in = 15 | address = 1 | write_en = 1 | read_en = 0
# Writing into the reference
# 
#  
# Driving inputs at time 18700 Test ID 20: data_in = 14 | address = 26 | write_en = 1 | read_en = 0
# ram_pkg.monitor.run Test ID: 19 Monitor Putting dut out: z into mailbox at time 18700
# Writing in to RAM
# Test PASSED : ref = z | dut = z
# ram_pkg.scoreboard.run Got data_in = 14 | address = 26 | write_en = 1 | read_en = 0
# Writing into the reference
# 
#  
# Driving inputs at time 18780 Test ID 21: data_in = 152 | address = 1 | write_en = 0 | read_en = 1
# ram_pkg.monitor.run Test ID: 20 Monitor Putting dut out: z into mailbox at time 18780
# Writing in to RAM
# Test PASSED : ref = z | dut = z
# ram_pkg.scoreboard.run Got data_in = 152 | address = 1 | write_en = 0 | read_en = 1
# Reading from the reference
# 
#  
# Driving inputs at time 18860 Test ID 22: data_in = 20 | address = 17 | write_en = 1 | read_en = 0
# ram_pkg.monitor.run Test ID: 21 Monitor Putting dut out: 15 into mailbox at time 18860
# Test PASSED : ref = 15 | dut = 15
# ram_pkg.scoreboard.run Got data_in = 20 | address = 17 | write_en = 1 | read_en = 0
# Writing into the reference
# 
#  
# Driving inputs at time 18940 Test ID 23: data_in = 203 | address = 0 | write_en = 0 | read_en = 1
# ram_pkg.monitor.run Test ID: 22 Monitor Putting dut out: z into mailbox at time 18940
# Writing in to RAM
# Test PASSED : ref = z | dut = z
# ram_pkg.scoreboard.run Got data_in = 203 | address = 0 | write_en = 0 | read_en = 1
# Reading from the reference
# 
#  
# Driving inputs at time 19020 Test ID 24: data_in = 78 | address = 14 | write_en = 1 | read_en = 0
# ram_pkg.monitor.run Test ID: 23 Monitor Putting dut out: 0 into mailbox at time 19020
# Test PASSED : ref = 0 | dut = 0
# ram_pkg.scoreboard.run Got data_in = 78 | address = 14 | write_en = 1 | read_en = 0
# Writing into the reference
# 
#  
# Driving inputs at time 19100 Test ID 25: data_in = 65 | address = 7 | write_en = 0 | read_en = 0
# ram_pkg.monitor.run Test ID: 24 Monitor Putting dut out: z into mailbox at time 19100
# Writing in to RAM
# Test PASSED : ref = z | dut = z
# ram_pkg.scoreboard.run Got data_in = 65 | address = 7 | write_en = 0 | read_en = 0
# 
#  
# Driving inputs at time 19180 Test ID 26: data_in = 15 | address = 23 | write_en = 1 | read_en = 1
# ram_pkg.monitor.run Test ID: 25 Monitor Putting dut out: z into mailbox at time 19180
# No operation
# ram_pkg.scoreboard.run Got data_in = 15 | address = 23 | write_en = 1 | read_en = 1
# 
#  
# Driving inputs at time 19260 Test ID 27: data_in = 21 | address = 30 | write_en = 0 | read_en = 1
# ram_pkg.monitor.run Test ID: 26 Monitor Putting dut out: z into mailbox at time 19260
# Invalid Operation
# ram_pkg.scoreboard.run Got data_in = 21 | address = 30 | write_en = 0 | read_en = 1
# Reading from the reference
# 
#  
# Driving inputs at time 19340 Test ID 28: data_in = 85 | address = 15 | write_en = 1 | read_en = 0
# ram_pkg.monitor.run Test ID: 27 Monitor Putting dut out: 0 into mailbox at time 19340
# Test PASSED : ref = 0 | dut = 0
# ram_pkg.scoreboard.run Got data_in = 85 | address = 15 | write_en = 1 | read_en = 0
# Writing into the reference
# 
#  
# Driving inputs at time 19420 Test ID 29: data_in = 186 | address = 20 | write_en = 0 | read_en = 1
# ram_pkg.monitor.run Test ID: 28 Monitor Putting dut out: z into mailbox at time 19420
# Writing in to RAM
# Test PASSED : ref = z | dut = z
# ram_pkg.scoreboard.run Got data_in = 186 | address = 20 | write_en = 0 | read_en = 1
# Reading from the reference
# 
#  
# Driving inputs at time 19500 Test ID 30: data_in = 13 | address = 17 | write_en = 1 | read_en = 0
# ram_pkg.monitor.run Test ID: 29 Monitor Putting dut out: 0 into mailbox at time 19500
# Test PASSED : ref = 0 | dut = 0
# ram_pkg.scoreboard.run Got data_in = 13 | address = 17 | write_en = 1 | read_en = 0
# Writing into the reference
# 
#  
# Driving inputs at time 19580 Test ID 31: data_in = 93 | address = 7 | write_en = 1 | read_en = 0
# ram_pkg.monitor.run Test ID: 30 Monitor Putting dut out: z into mailbox at time 19580
# Writing in to RAM
# Test PASSED : ref = z | dut = z
# ram_pkg.scoreboard.run Got data_in = 93 | address = 7 | write_en = 1 | read_en = 0
# Writing into the reference
# 
#  
# Driving inputs at time 19660 Test ID 32: data_in = 94 | address = 27 | write_en = 0 | read_en = 1
# ram_pkg.monitor.run Test ID: 31 Monitor Putting dut out: z into mailbox at time 19660
# Writing in to RAM
# Test PASSED : ref = z | dut = z
# ram_pkg.scoreboard.run Got data_in = 94 | address = 27 | write_en = 0 | read_en = 1
# Reading from the reference
# 
#  
# Driving inputs at time 19740 Test ID 33: data_in = 174 | address = 16 | write_en = 1 | read_en = 0
# ram_pkg.monitor.run Test ID: 32 Monitor Putting dut out: 0 into mailbox at time 19740
# Test PASSED : ref = 0 | dut = 0
# ram_pkg.scoreboard.run Got data_in = 174 | address = 16 | write_en = 1 | read_en = 0
# Writing into the reference
# 
#  
# Driving inputs at time 19820 Test ID 34: data_in = 182 | address = 9 | write_en = 0 | read_en = 1
# ram_pkg.monitor.run Test ID: 33 Monitor Putting dut out: z into mailbox at time 19820
# Writing in to RAM
# Test PASSED : ref = z | dut = z
# ram_pkg.scoreboard.run Got data_in = 182 | address = 9 | write_en = 0 | read_en = 1
# Reading from the reference
# 
#  
# Driving inputs at time 19900 Test ID 35: data_in = 22 | address = 25 | write_en = 0 | read_en = 1
# ram_pkg.monitor.run Test ID: 34 Monitor Putting dut out: 0 into mailbox at time 19900
# Test PASSED : ref = 0 | dut = 0
# ram_pkg.scoreboard.run Got data_in = 22 | address = 25 | write_en = 0 | read_en = 1
# Reading from the reference
# 
#  
# Driving inputs at time 19980 Test ID 36: data_in = 11 | address = 21 | write_en = 1 | read_en = 1
# ram_pkg.monitor.run Test ID: 35 Monitor Putting dut out: 146 into mailbox at time 19980
# Test PASSED : ref = 146 | dut = 146
# ram_pkg.scoreboard.run Got data_in = 11 | address = 21 | write_en = 1 | read_en = 1
# 
#  
# Driving inputs at time 20060 Test ID 37: data_in = 95 | address = 27 | write_en = 1 | read_en = 0
# ram_pkg.monitor.run Test ID: 36 Monitor Putting dut out: z into mailbox at time 20060
# Invalid Operation
# ram_pkg.scoreboard.run Got data_in = 95 | address = 27 | write_en = 1 | read_en = 0
# Writing into the reference
# 
#  
# Driving inputs at time 20140 Test ID 38: data_in = 55 | address = 22 | write_en = 1 | read_en = 0
# ram_pkg.monitor.run Test ID: 37 Monitor Putting dut out: z into mailbox at time 20140
# Writing in to RAM
# Test PASSED : ref = z | dut = z
# ram_pkg.scoreboard.run Got data_in = 55 | address = 22 | write_en = 1 | read_en = 0
# Writing into the reference
# 
#  
# Driving inputs at time 20220 Test ID 39: data_in = 155 | address = 11 | write_en = 1 | read_en = 0
# ram_pkg.monitor.run Test ID: 38 Monitor Putting dut out: z into mailbox at time 20220
# Writing in to RAM
# Test PASSED : ref = z | dut = z
# ram_pkg.scoreboard.run Got data_in = 155 | address = 11 | write_en = 1 | read_en = 0
# Writing into the reference
# 
#  
# Driving inputs at time 20300 Test ID 40: data_in = 165 | address = 25 | write_en = 1 | read_en = 0
# ram_pkg.monitor.run Test ID: 39 Monitor Putting dut out: z into mailbox at time 20300
# Writing in to RAM
# Test PASSED : ref = z | dut = z
# ram_pkg.scoreboard.run Got data_in = 165 | address = 25 | write_en = 1 | read_en = 0
# Writing into the reference
# 
#  
# Driving inputs at time 20380 Test ID 41: data_in = 134 | address = 13 | write_en = 0 | read_en = 1
# ram_pkg.monitor.run Test ID: 40 Monitor Putting dut out: z into mailbox at time 20380
# Writing in to RAM
# Test PASSED : ref = z | dut = z
# ram_pkg.scoreboard.run Got data_in = 134 | address = 13 | write_en = 0 | read_en = 1
# Reading from the reference
# 
#  
# Driving inputs at time 20460 Test ID 42: data_in = 41 | address = 12 | write_en = 1 | read_en = 0
# ram_pkg.monitor.run Test ID: 41 Monitor Putting dut out: 0 into mailbox at time 20460
# Test PASSED : ref = 0 | dut = 0
# ram_pkg.scoreboard.run Got data_in = 41 | address = 12 | write_en = 1 | read_en = 0
# Writing into the reference
# 
#  
# Driving inputs at time 20540 Test ID 43: data_in = 217 | address = 29 | write_en = 0 | read_en = 1
# ram_pkg.monitor.run Test ID: 42 Monitor Putting dut out: z into mailbox at time 20540
# Writing in to RAM
# Test PASSED : ref = z | dut = z
# ram_pkg.scoreboard.run Got data_in = 217 | address = 29 | write_en = 0 | read_en = 1
# Reading from the reference
# 
#  
# Driving inputs at time 20620 Test ID 44: data_in = 44 | address = 29 | write_en = 1 | read_en = 0
# ram_pkg.monitor.run Test ID: 43 Monitor Putting dut out: 0 into mailbox at time 20620
# Test PASSED : ref = 0 | dut = 0
# ram_pkg.scoreboard.run Got data_in = 44 | address = 29 | write_en = 1 | read_en = 0
# Writing into the reference
# 
#  
# Driving inputs at time 20700 Test ID 45: data_in = 56 | address = 26 | write_en = 1 | read_en = 0
# ram_pkg.monitor.run Test ID: 44 Monitor Putting dut out: z into mailbox at time 20700
# Writing in to RAM
# Test PASSED : ref = z | dut = z
# ram_pkg.scoreboard.run Got data_in = 56 | address = 26 | write_en = 1 | read_en = 0
# Writing into the reference
# 
#  
# Driving inputs at time 20780 Test ID 46: data_in = 29 | address = 2 | write_en = 1 | read_en = 0
# ram_pkg.monitor.run Test ID: 45 Monitor Putting dut out: z into mailbox at time 20780
# Writing in to RAM
# Test PASSED : ref = z | dut = z
# ram_pkg.scoreboard.run Got data_in = 29 | address = 2 | write_en = 1 | read_en = 0
# Writing into the reference
# 
#  
# Driving inputs at time 20860 Test ID 47: data_in = 65 | address = 19 | write_en = 0 | read_en = 1
# ram_pkg.monitor.run Test ID: 46 Monitor Putting dut out: z into mailbox at time 20860
# Writing in to RAM
# Test PASSED : ref = z | dut = z
# ram_pkg.scoreboard.run Got data_in = 65 | address = 19 | write_en = 0 | read_en = 1
# Reading from the reference
# 
#  
# Driving inputs at time 20940 Test ID 48: data_in = 5 | address = 0 | write_en = 1 | read_en = 0
# ram_pkg.monitor.run Test ID: 47 Monitor Putting dut out: 0 into mailbox at time 20940
# Test PASSED : ref = 0 | dut = 0
# ram_pkg.scoreboard.run Got data_in = 5 | address = 0 | write_en = 1 | read_en = 0
# Writing into the reference
# 
#  
# Driving inputs at time 21020 Test ID 49: data_in = 217 | address = 9 | write_en = 1 | read_en = 0
# ram_pkg.monitor.run Test ID: 48 Monitor Putting dut out: z into mailbox at time 21020
# Writing in to RAM
# Test PASSED : ref = z | dut = z
# ram_pkg.scoreboard.run Got data_in = 217 | address = 9 | write_en = 1 | read_en = 0
# Writing into the reference
# 
#  
# Driving inputs at time 21100 Test ID 50: data_in = 205 | address = 22 | write_en = 1 | read_en = 0
# ram_pkg.monitor.run Test ID: 49 Monitor Putting dut out: z into mailbox at time 21100
# Writing in to RAM
# Test PASSED : ref = z | dut = z
# ram_pkg.scoreboard.run Got data_in = 205 | address = 22 | write_en = 1 | read_en = 0
# Writing into the reference
# ram_pkg.monitor.run Test ID: 50 Monitor Putting dut out: z into mailbox at time 21180
# Writing in to RAM
# Test PASSED : ref = z | dut = z
# Total cases = 501 | Passed = 243 | Failed = 1
# ** Note: $finish    : top_tb.sv(105)
#    Time: 21180 ns  Iteration: 3  Instance: /tb
# Saving coverage database on exit...
# End time: 15:03:50 on Jul 06,2026, Elapsed time: 0:00:01
# Errors: 0, Warnings: 0
